Apr 19, 2015 12:31:38 AM org.apache.catalina.core.AprLifecycleListener lifecycleEvent
INFO: The Apache Tomcat Native library which allows optimal performance in production environments was not found on the java.library.path: .:/Library/Java/Extensions:/System/Library/Java/Extensions:/usr/lib/java
Apr 19, 2015 12:31:38 AM org.apache.coyote.http11.Http11BaseProtocol init
INFO: Initializing Coyote HTTP/1.1 on http-8080
Apr 19, 2015 12:31:38 AM org.apache.catalina.startup.Catalina load
INFO: Initialization processed in 590 ms
Apr 19, 2015 12:31:38 AM org.apache.catalina.core.StandardService start
INFO: Starting service Catalina
Apr 19, 2015 12:31:38 AM org.apache.catalina.core.StandardEngine start
INFO: Starting Servlet Engine: Apache Tomcat/5.5.15
Apr 19, 2015 12:31:38 AM org.apache.catalina.core.StandardHost start
INFO: XML validation disabled
Apr 19, 2015 12:31:39 AM org.apache.coyote.http11.Http11BaseProtocol start
INFO: Starting Coyote HTTP/1.1 on http-8080
Apr 19, 2015 12:31:39 AM org.apache.catalina.storeconfig.StoreLoader load
INFO: Find registry server-registry.xml at classpath resource
Apr 19, 2015 12:31:39 AM org.apache.catalina.startup.Catalina start
INFO: Server startup in 1147 ms
Apr 19, 2015 12:32:19 AM org.apache.catalina.startup.HostConfig checkResources
INFO: Undeploying context [/photoshare]
Apr 19, 2015 12:32:19 AM org.apache.catalina.startup.HostConfig deployWAR
INFO: Deploying web application archive photoshare.war
Apr 19, 2015 12:37:29 AM org.apache.catalina.startup.HostConfig checkResources
INFO: Undeploying context [/photoshare]
Apr 19, 2015 12:37:29 AM org.apache.catalina.startup.HostConfig deployWAR
INFO: Deploying web application archive photoshare.war
Apr 19, 2015 12:38:19 AM org.apache.catalina.startup.HostConfig checkResources
INFO: Undeploying context [/photoshare]
Apr 19, 2015 12:38:19 AM org.apache.catalina.startup.HostConfig deployWAR
INFO: Deploying web application archive photoshare.war
Apr 19, 2015 12:39:40 AM org.apache.catalina.startup.HostConfig checkResources
INFO: Undeploying context [/photoshare]
Apr 19, 2015 12:39:40 AM org.apache.catalina.startup.HostConfig deployWAR
INFO: Deploying web application archive photoshare.war
Apr 19, 2015 12:41:00 AM org.apache.catalina.startup.HostConfig checkResources
INFO: Undeploying context [/photoshare]
Apr 19, 2015 12:41:00 AM org.apache.catalina.startup.HostConfig deployWAR
INFO: Deploying web application archive photoshare.war
Apr 19, 2015 12:56:40 AM org.apache.catalina.startup.HostConfig checkResources
INFO: Undeploying context [/photoshare]
Apr 19, 2015 12:56:40 AM org.apache.catalina.startup.HostConfig deployWAR
INFO: Deploying web application archive photoshare.war
Apr 19, 2015 1:02:30 AM org.apache.catalina.startup.HostConfig checkResources
INFO: Undeploying context [/photoshare]
Apr 19, 2015 1:02:30 AM org.apache.catalina.startup.HostConfig deployWAR
INFO: Deploying web application archive photoshare.war
Apr 19, 2015 1:03:00 AM org.apache.catalina.startup.HostConfig checkResources
INFO: Undeploying context [/photoshare]
Apr 19, 2015 1:03:00 AM org.apache.catalina.startup.HostConfig deployWAR
INFO: Deploying web application archive photoshare.war
Apr 19, 2015 1:34:31 AM org.apache.catalina.startup.HostConfig checkResources
INFO: Undeploying context [/photoshare]
Apr 19, 2015 1:34:31 AM org.apache.catalina.startup.HostConfig deployWAR
INFO: Deploying web application archive photoshare.war
Apr 19, 2015 1:37:11 AM org.apache.catalina.startup.HostConfig checkResources
INFO: Undeploying context [/photoshare]
Apr 19, 2015 1:37:11 AM org.apache.catalina.startup.HostConfig deployWAR
INFO: Deploying web application archive photoshare.war
Apr 19, 2015 11:27:03 AM org.apache.coyote.http11.Http11BaseProtocol pause
INFO: Pausing Coyote HTTP/1.1 on http-8080
Apr 19, 2015 11:27:04 AM org.apache.catalina.core.StandardService stop
INFO: Stopping service Catalina
Apr 19, 2015 11:27:04 AM org.apache.coyote.http11.Http11BaseProtocol destroy
INFO: Stopping Coyote HTTP/1.1 on http-8080
Apr 19, 2015 11:27:04 AM org.apache.catalina.core.AprLifecycleListener lifecycleEvent
INFO: Failed shutdown of Apache Portable Runtime
Apr 19, 2015 7:23:40 PM org.apache.catalina.core.AprLifecycleListener lifecycleEvent
INFO: The Apache Tomcat Native library which allows optimal performance in production environments was not found on the java.library.path: .:/Library/Java/Extensions:/System/Library/Java/Extensions:/usr/lib/java
Apr 19, 2015 7:23:40 PM org.apache.coyote.http11.Http11BaseProtocol init
INFO: Initializing Coyote HTTP/1.1 on http-8080
Apr 19, 2015 7:23:40 PM org.apache.catalina.startup.Catalina load
INFO: Initialization processed in 622 ms
Apr 19, 2015 7:23:40 PM org.apache.catalina.core.StandardService start
INFO: Starting service Catalina
Apr 19, 2015 7:23:40 PM org.apache.catalina.core.StandardEngine start
INFO: Starting Servlet Engine: Apache Tomcat/5.5.15
Apr 19, 2015 7:23:40 PM org.apache.catalina.core.StandardHost start
INFO: XML validation disabled
Apr 19, 2015 7:23:41 PM org.apache.coyote.http11.Http11BaseProtocol start
INFO: Starting Coyote HTTP/1.1 on http-8080
Apr 19, 2015 7:23:41 PM org.apache.catalina.storeconfig.StoreLoader load
INFO: Find registry server-registry.xml at classpath resource
Apr 19, 2015 7:23:41 PM org.apache.catalina.startup.Catalina start
INFO: Server startup in 1063 ms
Apr 19, 2015 7:24:11 PM org.apache.catalina.startup.HostConfig checkResources
INFO: Undeploying context [/photoshare]
Apr 19, 2015 7:24:11 PM org.apache.catalina.startup.HostConfig deployWAR
INFO: Deploying web application archive photoshare.war
Apr 19, 2015 7:26:21 PM org.apache.catalina.startup.HostConfig checkResources
INFO: Undeploying context [/photoshare]
Apr 19, 2015 7:26:21 PM org.apache.catalina.startup.HostConfig deployWAR
INFO: Deploying web application archive photoshare.war
Apr 19, 2015 7:42:11 PM org.apache.catalina.startup.HostConfig checkResources
INFO: Undeploying context [/photoshare]
Apr 19, 2015 7:42:11 PM org.apache.catalina.startup.HostConfig deployWAR
INFO: Deploying web application archive photoshare.war
Apr 19, 2015 7:43:42 PM org.apache.catalina.startup.HostConfig checkResources
INFO: Undeploying context [/photoshare]
Apr 19, 2015 7:43:42 PM org.apache.catalina.startup.HostConfig deployWAR
INFO: Deploying web application archive photoshare.war
Apr 19, 2015 7:47:32 PM org.apache.catalina.startup.HostConfig checkResources
INFO: Undeploying context [/photoshare]
Apr 19, 2015 7:47:32 PM org.apache.catalina.startup.HostConfig deployWAR
INFO: Deploying web application archive photoshare.war
Apr 19, 2015 7:48:12 PM org.apache.catalina.startup.HostConfig checkResources
INFO: Undeploying context [/photoshare]
Apr 19, 2015 7:48:12 PM org.apache.catalina.startup.HostConfig deployWAR
INFO: Deploying web application archive photoshare.war
Apr 19, 2015 7:48:52 PM org.apache.catalina.startup.HostConfig checkResources
INFO: Undeploying context [/photoshare]
Apr 19, 2015 7:48:52 PM org.apache.catalina.startup.HostConfig deployWAR
INFO: Deploying web application archive photoshare.war
Apr 19, 2015 7:49:32 PM org.apache.catalina.startup.HostConfig checkResources
INFO: Undeploying context [/photoshare]
Apr 19, 2015 7:49:32 PM org.apache.catalina.startup.HostConfig deployWAR
INFO: Deploying web application archive photoshare.war
Apr 19, 2015 7:50:53 PM org.apache.catalina.startup.HostConfig checkResources
INFO: Undeploying context [/photoshare]
Apr 19, 2015 7:50:53 PM org.apache.catalina.startup.HostConfig deployWAR
INFO: Deploying web application archive photoshare.war
Apr 19, 2015 7:51:33 PM org.apache.catalina.startup.HostConfig checkResources
INFO: Undeploying context [/photoshare]
Apr 19, 2015 7:51:33 PM org.apache.catalina.startup.HostConfig deployWAR
INFO: Deploying web application archive photoshare.war
Apr 19, 2015 7:59:23 PM org.apache.catalina.startup.HostConfig checkResources
INFO: Undeploying context [/photoshare]
Apr 19, 2015 7:59:23 PM org.apache.catalina.startup.HostConfig deployWAR
INFO: Deploying web application archive photoshare.war
Apr 19, 2015 8:02:13 PM org.apache.catalina.startup.HostConfig checkResources
INFO: Undeploying context [/photoshare]
Apr 19, 2015 8:02:13 PM org.apache.catalina.startup.HostConfig deployWAR
INFO: Deploying web application archive photoshare.war
Apr 19, 2015 8:14:13 PM org.apache.catalina.startup.HostConfig checkResources
INFO: Undeploying context [/photoshare]
Apr 19, 2015 8:14:13 PM org.apache.catalina.startup.HostConfig deployWAR
INFO: Deploying web application archive photoshare.war
Apr 19, 2015 8:15:03 PM org.apache.catalina.startup.HostConfig checkResources
INFO: Undeploying context [/photoshare]
Apr 19, 2015 8:15:03 PM org.apache.catalina.startup.HostConfig deployWAR
INFO: Deploying web application archive photoshare.war
Apr 19, 2015 8:18:44 PM org.apache.catalina.startup.HostConfig checkResources
INFO: Undeploying context [/photoshare]
Apr 19, 2015 8:18:44 PM org.apache.catalina.startup.HostConfig deployWAR
INFO: Deploying web application archive photoshare.war
Apr 19, 2015 8:20:24 PM org.apache.catalina.startup.HostConfig checkResources
INFO: Undeploying context [/photoshare]
Apr 19, 2015 8:20:24 PM org.apache.catalina.startup.HostConfig deployWAR
INFO: Deploying web application archive photoshare.war
Apr 19, 2015 8:23:24 PM org.apache.catalina.startup.HostConfig checkResources
INFO: Undeploying context [/photoshare]
Apr 19, 2015 8:23:24 PM org.apache.catalina.startup.HostConfig deployWAR
INFO: Deploying web application archive photoshare.war
Apr 19, 2015 8:59:35 PM org.apache.catalina.startup.HostConfig checkResources
INFO: Undeploying context [/photoshare]
Apr 19, 2015 8:59:35 PM org.apache.catalina.startup.HostConfig deployWAR
INFO: Deploying web application archive photoshare.war
Apr 19, 2015 10:00:02 PM org.apache.coyote.http11.Http11BaseProtocol pause
INFO: Pausing Coyote HTTP/1.1 on http-8080
Apr 19, 2015 10:00:03 PM org.apache.catalina.core.StandardService stop
INFO: Stopping service Catalina
Apr 19, 2015 10:00:03 PM org.apache.coyote.http11.Http11BaseProtocol destroy
INFO: Stopping Coyote HTTP/1.1 on http-8080
Apr 19, 2015 10:00:03 PM org.apache.catalina.core.AprLifecycleListener lifecycleEvent
INFO: Failed shutdown of Apache Portable Runtime
