Apr 14, 2015 1:01:04 PM org.apache.catalina.core.AprLifecycleListener lifecycleEvent
INFO: The Apache Tomcat Native library which allows optimal performance in production environments was not found on the java.library.path: .:/Library/Java/Extensions:/System/Library/Java/Extensions:/usr/lib/java
Apr 14, 2015 1:01:04 PM org.apache.coyote.http11.Http11BaseProtocol init
SEVERE: Error initializing endpoint
java.net.BindException: Address already in use:8080
	at org.apache.tomcat.util.net.PoolTcpEndpoint.initEndpoint(PoolTcpEndpoint.java:297)
	at org.apache.coyote.http11.Http11BaseProtocol.init(Http11BaseProtocol.java:141)
	at org.apache.catalina.connector.Connector.initialize(Connector.java:1016)
	at org.apache.catalina.core.StandardService.initialize(StandardService.java:580)
	at org.apache.catalina.core.StandardServer.initialize(StandardServer.java:782)
	at org.apache.catalina.startup.Catalina.load(Catalina.java:503)
	at org.apache.catalina.startup.Catalina.load(Catalina.java:523)
	at sun.reflect.NativeMethodAccessorImpl.invoke0(Native Method)
	at sun.reflect.NativeMethodAccessorImpl.invoke(NativeMethodAccessorImpl.java:39)
	at sun.reflect.DelegatingMethodAccessorImpl.invoke(DelegatingMethodAccessorImpl.java:25)
	at java.lang.reflect.Method.invoke(Method.java:597)
	at org.apache.catalina.startup.Bootstrap.load(Bootstrap.java:247)
	at org.apache.catalina.startup.Bootstrap.main(Bootstrap.java:412)
Apr 14, 2015 1:01:04 PM org.apache.catalina.startup.Catalina load
SEVERE: Catalina.start
LifecycleException:  Protocol handler initialization failed: java.net.BindException: Address already in use:8080
	at org.apache.catalina.connector.Connector.initialize(Connector.java:1018)
	at org.apache.catalina.core.StandardService.initialize(StandardService.java:580)
	at org.apache.catalina.core.StandardServer.initialize(StandardServer.java:782)
	at org.apache.catalina.startup.Catalina.load(Catalina.java:503)
	at org.apache.catalina.startup.Catalina.load(Catalina.java:523)
	at sun.reflect.NativeMethodAccessorImpl.invoke0(Native Method)
	at sun.reflect.NativeMethodAccessorImpl.invoke(NativeMethodAccessorImpl.java:39)
	at sun.reflect.DelegatingMethodAccessorImpl.invoke(DelegatingMethodAccessorImpl.java:25)
	at java.lang.reflect.Method.invoke(Method.java:597)
	at org.apache.catalina.startup.Bootstrap.load(Bootstrap.java:247)
	at org.apache.catalina.startup.Bootstrap.main(Bootstrap.java:412)
Apr 14, 2015 1:01:04 PM org.apache.catalina.startup.Catalina load
INFO: Initialization processed in 549 ms
Apr 14, 2015 1:01:04 PM org.apache.catalina.core.StandardService start
INFO: Starting service Catalina
Apr 14, 2015 1:01:04 PM org.apache.catalina.core.StandardEngine start
INFO: Starting Servlet Engine: Apache Tomcat/5.5.15
Apr 14, 2015 1:01:04 PM org.apache.catalina.core.StandardHost start
INFO: XML validation disabled
Apr 14, 2015 1:01:05 PM org.apache.coyote.http11.Http11BaseProtocol start
SEVERE: Error starting endpoint
java.net.BindException: Address already in use:8080
	at org.apache.tomcat.util.net.PoolTcpEndpoint.initEndpoint(PoolTcpEndpoint.java:297)
	at org.apache.tomcat.util.net.PoolTcpEndpoint.startEndpoint(PoolTcpEndpoint.java:312)
	at org.apache.coyote.http11.Http11BaseProtocol.start(Http11BaseProtocol.java:153)
	at org.apache.coyote.http11.Http11Protocol.start(Http11Protocol.java:102)
	at org.apache.catalina.connector.Connector.start(Connector.java:1089)
	at org.apache.catalina.core.StandardService.start(StandardService.java:459)
	at org.apache.catalina.core.StandardServer.start(StandardServer.java:700)
	at org.apache.catalina.startup.Catalina.start(Catalina.java:551)
	at sun.reflect.NativeMethodAccessorImpl.invoke0(Native Method)
	at sun.reflect.NativeMethodAccessorImpl.invoke(NativeMethodAccessorImpl.java:39)
	at sun.reflect.DelegatingMethodAccessorImpl.invoke(DelegatingMethodAccessorImpl.java:25)
	at java.lang.reflect.Method.invoke(Method.java:597)
	at org.apache.catalina.startup.Bootstrap.start(Bootstrap.java:275)
	at org.apache.catalina.startup.Bootstrap.main(Bootstrap.java:413)
Apr 14, 2015 1:01:05 PM org.apache.catalina.startup.Catalina start
SEVERE: Catalina.start: 
LifecycleException:  service.getName(): "Catalina";  Protocol handler start failed: java.net.BindException: Address already in use:8080
	at org.apache.catalina.connector.Connector.start(Connector.java:1096)
	at org.apache.catalina.core.StandardService.start(StandardService.java:459)
	at org.apache.catalina.core.StandardServer.start(StandardServer.java:700)
	at org.apache.catalina.startup.Catalina.start(Catalina.java:551)
	at sun.reflect.NativeMethodAccessorImpl.invoke0(Native Method)
	at sun.reflect.NativeMethodAccessorImpl.invoke(NativeMethodAccessorImpl.java:39)
	at sun.reflect.DelegatingMethodAccessorImpl.invoke(DelegatingMethodAccessorImpl.java:25)
	at java.lang.reflect.Method.invoke(Method.java:597)
	at org.apache.catalina.startup.Bootstrap.start(Bootstrap.java:275)
	at org.apache.catalina.startup.Bootstrap.main(Bootstrap.java:413)
Apr 14, 2015 1:01:05 PM org.apache.catalina.startup.Catalina start
INFO: Server startup in 997 ms
Apr 14, 2015 1:01:05 PM org.apache.catalina.core.StandardServer await
SEVERE: StandardServer.await: create[8000]: 
java.net.BindException: Address already in use
	at java.net.PlainSocketImpl.socketBind(Native Method)
	at java.net.PlainSocketImpl.socketBind(PlainSocketImpl.java:521)
	at java.net.PlainSocketImpl.bind(PlainSocketImpl.java:414)
	at java.net.ServerSocket.bind(ServerSocket.java:326)
	at java.net.ServerSocket.<init>(ServerSocket.java:192)
	at org.apache.catalina.core.StandardServer.await(StandardServer.java:363)
	at org.apache.catalina.startup.Catalina.await(Catalina.java:615)
	at org.apache.catalina.startup.Catalina.start(Catalina.java:575)
	at sun.reflect.NativeMethodAccessorImpl.invoke0(Native Method)
	at sun.reflect.NativeMethodAccessorImpl.invoke(NativeMethodAccessorImpl.java:39)
	at sun.reflect.DelegatingMethodAccessorImpl.invoke(DelegatingMethodAccessorImpl.java:25)
	at java.lang.reflect.Method.invoke(Method.java:597)
	at org.apache.catalina.startup.Bootstrap.start(Bootstrap.java:275)
	at org.apache.catalina.startup.Bootstrap.main(Bootstrap.java:413)
Apr 14, 2015 1:01:05 PM org.apache.coyote.http11.Http11BaseProtocol pause
INFO: Pausing Coyote HTTP/1.1 on http-8080
Apr 14, 2015 1:01:06 PM org.apache.catalina.core.StandardService stop
INFO: Stopping service Catalina
Apr 14, 2015 1:01:06 PM org.apache.catalina.connector.MapperListener destroy
WARNING: Error unregistering MBeanServerDelegate
java.lang.NullPointerException
	at org.apache.catalina.connector.MapperListener.destroy(MapperListener.java:161)
	at org.apache.catalina.connector.Connector.stop(Connector.java:1137)
	at org.apache.catalina.core.StandardService.stop(StandardService.java:521)
	at org.apache.catalina.core.StandardServer.stop(StandardServer.java:734)
	at org.apache.catalina.startup.Catalina.stop(Catalina.java:601)
	at org.apache.catalina.startup.Catalina$CatalinaShutdownHook.run(Catalina.java:644)
Apr 14, 2015 1:01:06 PM org.apache.coyote.http11.Http11BaseProtocol destroy
INFO: Stopping Coyote HTTP/1.1 on http-8080
Apr 14, 2015 1:01:06 PM org.apache.catalina.core.AprLifecycleListener lifecycleEvent
INFO: Failed shutdown of Apache Portable Runtime
Apr 14, 2015 1:02:18 PM org.apache.catalina.startup.HostConfig checkResources
INFO: Undeploying context [/photoshare]
Apr 14, 2015 1:02:18 PM org.apache.catalina.startup.HostConfig deployWAR
INFO: Deploying web application archive photoshare.war
Apr 14, 2015 1:46:29 PM org.apache.catalina.startup.HostConfig checkResources
INFO: Undeploying context [/photoshare]
Apr 14, 2015 1:46:29 PM org.apache.catalina.startup.HostConfig deployWAR
INFO: Deploying web application archive photoshare.war
Apr 14, 2015 1:46:47 PM org.apache.coyote.http11.Http11BaseProtocol pause
INFO: Pausing Coyote HTTP/1.1 on http-8080
Apr 14, 2015 1:46:48 PM org.apache.catalina.core.StandardService stop
INFO: Stopping service Catalina
Apr 14, 2015 1:46:48 PM org.apache.coyote.http11.Http11BaseProtocol destroy
INFO: Stopping Coyote HTTP/1.1 on http-8080
Apr 14, 2015 1:46:48 PM org.apache.catalina.core.AprLifecycleListener lifecycleEvent
INFO: Failed shutdown of Apache Portable Runtime
Apr 14, 2015 1:47:20 PM org.apache.catalina.core.AprLifecycleListener lifecycleEvent
INFO: The Apache Tomcat Native library which allows optimal performance in production environments was not found on the java.library.path: .:/Library/Java/Extensions:/System/Library/Java/Extensions:/usr/lib/java
Apr 14, 2015 1:47:20 PM org.apache.coyote.http11.Http11BaseProtocol init
INFO: Initializing Coyote HTTP/1.1 on http-8080
Apr 14, 2015 1:47:20 PM org.apache.catalina.startup.Catalina load
INFO: Initialization processed in 445 ms
Apr 14, 2015 1:47:20 PM org.apache.catalina.core.StandardService start
INFO: Starting service Catalina
Apr 14, 2015 1:47:20 PM org.apache.catalina.core.StandardEngine start
INFO: Starting Servlet Engine: Apache Tomcat/5.5.15
Apr 14, 2015 1:47:20 PM org.apache.catalina.core.StandardHost start
INFO: XML validation disabled
Apr 14, 2015 1:47:21 PM org.apache.coyote.http11.Http11BaseProtocol start
INFO: Starting Coyote HTTP/1.1 on http-8080
Apr 14, 2015 1:47:21 PM org.apache.catalina.storeconfig.StoreLoader load
INFO: Find registry server-registry.xml at classpath resource
Apr 14, 2015 1:47:21 PM org.apache.catalina.startup.Catalina start
INFO: Server startup in 1014 ms
Apr 14, 2015 1:48:00 PM org.apache.catalina.startup.HostConfig checkResources
INFO: Undeploying context [/photoshare]
Apr 14, 2015 1:48:11 PM org.apache.catalina.startup.HostConfig deployWAR
INFO: Deploying web application archive photoshare.war
Apr 14, 2015 1:48:21 PM org.apache.catalina.startup.HostConfig checkResources
INFO: Undeploying context [/photoshare]
Apr 14, 2015 1:48:21 PM org.apache.catalina.startup.HostConfig deployWAR
INFO: Deploying web application archive photoshare.war
Apr 14, 2015 1:48:27 PM org.apache.coyote.http11.Http11BaseProtocol pause
INFO: Pausing Coyote HTTP/1.1 on http-8080
Apr 14, 2015 1:48:28 PM org.apache.catalina.core.StandardService stop
INFO: Stopping service Catalina
Apr 14, 2015 1:48:28 PM org.apache.coyote.http11.Http11BaseProtocol destroy
INFO: Stopping Coyote HTTP/1.1 on http-8080
Apr 14, 2015 1:48:28 PM org.apache.catalina.core.AprLifecycleListener lifecycleEvent
INFO: Failed shutdown of Apache Portable Runtime
Apr 14, 2015 1:48:32 PM org.apache.catalina.core.AprLifecycleListener lifecycleEvent
INFO: The Apache Tomcat Native library which allows optimal performance in production environments was not found on the java.library.path: .:/Library/Java/Extensions:/System/Library/Java/Extensions:/usr/lib/java
Apr 14, 2015 1:48:32 PM org.apache.coyote.http11.Http11BaseProtocol init
INFO: Initializing Coyote HTTP/1.1 on http-8080
Apr 14, 2015 1:48:32 PM org.apache.catalina.startup.Catalina load
INFO: Initialization processed in 468 ms
Apr 14, 2015 1:48:32 PM org.apache.catalina.core.StandardService start
INFO: Starting service Catalina
Apr 14, 2015 1:48:32 PM org.apache.catalina.core.StandardEngine start
INFO: Starting Servlet Engine: Apache Tomcat/5.5.15
Apr 14, 2015 1:48:32 PM org.apache.catalina.core.StandardHost start
INFO: XML validation disabled
Apr 14, 2015 1:48:33 PM org.apache.coyote.http11.Http11BaseProtocol start
INFO: Starting Coyote HTTP/1.1 on http-8080
Apr 14, 2015 1:48:33 PM org.apache.catalina.storeconfig.StoreLoader load
INFO: Find registry server-registry.xml at classpath resource
Apr 14, 2015 1:48:33 PM org.apache.catalina.startup.Catalina start
INFO: Server startup in 1071 ms
Apr 14, 2015 6:15:55 PM org.apache.catalina.core.AprLifecycleListener lifecycleEvent
INFO: The Apache Tomcat Native library which allows optimal performance in production environments was not found on the java.library.path: .:/Library/Java/Extensions:/System/Library/Java/Extensions:/usr/lib/java
Apr 14, 2015 6:15:55 PM org.apache.coyote.http11.Http11BaseProtocol init
SEVERE: Error initializing endpoint
java.net.BindException: Address already in use:8080
	at org.apache.tomcat.util.net.PoolTcpEndpoint.initEndpoint(PoolTcpEndpoint.java:297)
	at org.apache.coyote.http11.Http11BaseProtocol.init(Http11BaseProtocol.java:141)
	at org.apache.catalina.connector.Connector.initialize(Connector.java:1016)
	at org.apache.catalina.core.StandardService.initialize(StandardService.java:580)
	at org.apache.catalina.core.StandardServer.initialize(StandardServer.java:782)
	at org.apache.catalina.startup.Catalina.load(Catalina.java:503)
	at org.apache.catalina.startup.Catalina.load(Catalina.java:523)
	at sun.reflect.NativeMethodAccessorImpl.invoke0(Native Method)
	at sun.reflect.NativeMethodAccessorImpl.invoke(NativeMethodAccessorImpl.java:39)
	at sun.reflect.DelegatingMethodAccessorImpl.invoke(DelegatingMethodAccessorImpl.java:25)
	at java.lang.reflect.Method.invoke(Method.java:597)
	at org.apache.catalina.startup.Bootstrap.load(Bootstrap.java:247)
	at org.apache.catalina.startup.Bootstrap.main(Bootstrap.java:412)
Apr 14, 2015 6:15:55 PM org.apache.catalina.startup.Catalina load
SEVERE: Catalina.start
LifecycleException:  Protocol handler initialization failed: java.net.BindException: Address already in use:8080
	at org.apache.catalina.connector.Connector.initialize(Connector.java:1018)
	at org.apache.catalina.core.StandardService.initialize(StandardService.java:580)
	at org.apache.catalina.core.StandardServer.initialize(StandardServer.java:782)
	at org.apache.catalina.startup.Catalina.load(Catalina.java:503)
	at org.apache.catalina.startup.Catalina.load(Catalina.java:523)
	at sun.reflect.NativeMethodAccessorImpl.invoke0(Native Method)
	at sun.reflect.NativeMethodAccessorImpl.invoke(NativeMethodAccessorImpl.java:39)
	at sun.reflect.DelegatingMethodAccessorImpl.invoke(DelegatingMethodAccessorImpl.java:25)
	at java.lang.reflect.Method.invoke(Method.java:597)
	at org.apache.catalina.startup.Bootstrap.load(Bootstrap.java:247)
	at org.apache.catalina.startup.Bootstrap.main(Bootstrap.java:412)
Apr 14, 2015 6:15:55 PM org.apache.catalina.startup.Catalina load
INFO: Initialization processed in 609 ms
Apr 14, 2015 6:15:55 PM org.apache.catalina.core.StandardService start
INFO: Starting service Catalina
Apr 14, 2015 6:15:55 PM org.apache.catalina.core.StandardEngine start
INFO: Starting Servlet Engine: Apache Tomcat/5.5.15
Apr 14, 2015 6:15:55 PM org.apache.catalina.core.StandardHost start
INFO: XML validation disabled
Apr 14, 2015 6:15:56 PM org.apache.coyote.http11.Http11BaseProtocol start
SEVERE: Error starting endpoint
java.net.BindException: Address already in use:8080
	at org.apache.tomcat.util.net.PoolTcpEndpoint.initEndpoint(PoolTcpEndpoint.java:297)
	at org.apache.tomcat.util.net.PoolTcpEndpoint.startEndpoint(PoolTcpEndpoint.java:312)
	at org.apache.coyote.http11.Http11BaseProtocol.start(Http11BaseProtocol.java:153)
	at org.apache.coyote.http11.Http11Protocol.start(Http11Protocol.java:102)
	at org.apache.catalina.connector.Connector.start(Connector.java:1089)
	at org.apache.catalina.core.StandardService.start(StandardService.java:459)
	at org.apache.catalina.core.StandardServer.start(StandardServer.java:700)
	at org.apache.catalina.startup.Catalina.start(Catalina.java:551)
	at sun.reflect.NativeMethodAccessorImpl.invoke0(Native Method)
	at sun.reflect.NativeMethodAccessorImpl.invoke(NativeMethodAccessorImpl.java:39)
	at sun.reflect.DelegatingMethodAccessorImpl.invoke(DelegatingMethodAccessorImpl.java:25)
	at java.lang.reflect.Method.invoke(Method.java:597)
	at org.apache.catalina.startup.Bootstrap.start(Bootstrap.java:275)
	at org.apache.catalina.startup.Bootstrap.main(Bootstrap.java:413)
Apr 14, 2015 6:15:56 PM org.apache.catalina.startup.Catalina start
SEVERE: Catalina.start: 
LifecycleException:  service.getName(): "Catalina";  Protocol handler start failed: java.net.BindException: Address already in use:8080
	at org.apache.catalina.connector.Connector.start(Connector.java:1096)
	at org.apache.catalina.core.StandardService.start(StandardService.java:459)
	at org.apache.catalina.core.StandardServer.start(StandardServer.java:700)
	at org.apache.catalina.startup.Catalina.start(Catalina.java:551)
	at sun.reflect.NativeMethodAccessorImpl.invoke0(Native Method)
	at sun.reflect.NativeMethodAccessorImpl.invoke(NativeMethodAccessorImpl.java:39)
	at sun.reflect.DelegatingMethodAccessorImpl.invoke(DelegatingMethodAccessorImpl.java:25)
	at java.lang.reflect.Method.invoke(Method.java:597)
	at org.apache.catalina.startup.Bootstrap.start(Bootstrap.java:275)
	at org.apache.catalina.startup.Bootstrap.main(Bootstrap.java:413)
Apr 14, 2015 6:15:56 PM org.apache.catalina.startup.Catalina start
INFO: Server startup in 943 ms
Apr 14, 2015 6:15:56 PM org.apache.catalina.core.StandardServer await
SEVERE: StandardServer.await: create[8000]: 
java.net.BindException: Address already in use
	at java.net.PlainSocketImpl.socketBind(Native Method)
	at java.net.PlainSocketImpl.socketBind(PlainSocketImpl.java:521)
	at java.net.PlainSocketImpl.bind(PlainSocketImpl.java:414)
	at java.net.ServerSocket.bind(ServerSocket.java:326)
	at java.net.ServerSocket.<init>(ServerSocket.java:192)
	at org.apache.catalina.core.StandardServer.await(StandardServer.java:363)
	at org.apache.catalina.startup.Catalina.await(Catalina.java:615)
	at org.apache.catalina.startup.Catalina.start(Catalina.java:575)
	at sun.reflect.NativeMethodAccessorImpl.invoke0(Native Method)
	at sun.reflect.NativeMethodAccessorImpl.invoke(NativeMethodAccessorImpl.java:39)
	at sun.reflect.DelegatingMethodAccessorImpl.invoke(DelegatingMethodAccessorImpl.java:25)
	at java.lang.reflect.Method.invoke(Method.java:597)
	at org.apache.catalina.startup.Bootstrap.start(Bootstrap.java:275)
	at org.apache.catalina.startup.Bootstrap.main(Bootstrap.java:413)
Apr 14, 2015 6:15:56 PM org.apache.coyote.http11.Http11BaseProtocol pause
INFO: Pausing Coyote HTTP/1.1 on http-8080
Apr 14, 2015 6:15:57 PM org.apache.catalina.core.StandardService stop
INFO: Stopping service Catalina
Apr 14, 2015 6:15:57 PM org.apache.catalina.connector.MapperListener destroy
WARNING: Error unregistering MBeanServerDelegate
java.lang.NullPointerException
	at org.apache.catalina.connector.MapperListener.destroy(MapperListener.java:161)
	at org.apache.catalina.connector.Connector.stop(Connector.java:1137)
	at org.apache.catalina.core.StandardService.stop(StandardService.java:521)
	at org.apache.catalina.core.StandardServer.stop(StandardServer.java:734)
	at org.apache.catalina.startup.Catalina.stop(Catalina.java:601)
	at org.apache.catalina.startup.Catalina$CatalinaShutdownHook.run(Catalina.java:644)
Apr 14, 2015 6:15:57 PM org.apache.coyote.http11.Http11BaseProtocol destroy
INFO: Stopping Coyote HTTP/1.1 on http-8080
Apr 14, 2015 6:15:57 PM org.apache.catalina.core.AprLifecycleListener lifecycleEvent
INFO: Failed shutdown of Apache Portable Runtime
Apr 14, 2015 6:16:22 PM org.apache.catalina.startup.HostConfig checkResources
INFO: Undeploying context [/photoshare]
Apr 14, 2015 6:16:22 PM org.apache.catalina.startup.HostConfig deployWAR
INFO: Deploying web application archive photoshare.war
Apr 14, 2015 6:21:58 PM org.apache.catalina.core.AprLifecycleListener lifecycleEvent
INFO: The Apache Tomcat Native library which allows optimal performance in production environments was not found on the java.library.path: .:/Library/Java/Extensions:/System/Library/Java/Extensions:/usr/lib/java
Apr 14, 2015 6:21:58 PM org.apache.coyote.http11.Http11BaseProtocol init
SEVERE: Error initializing endpoint
java.net.BindException: Address already in use:8080
	at org.apache.tomcat.util.net.PoolTcpEndpoint.initEndpoint(PoolTcpEndpoint.java:297)
	at org.apache.coyote.http11.Http11BaseProtocol.init(Http11BaseProtocol.java:141)
	at org.apache.catalina.connector.Connector.initialize(Connector.java:1016)
	at org.apache.catalina.core.StandardService.initialize(StandardService.java:580)
	at org.apache.catalina.core.StandardServer.initialize(StandardServer.java:782)
	at org.apache.catalina.startup.Catalina.load(Catalina.java:503)
	at org.apache.catalina.startup.Catalina.load(Catalina.java:523)
	at sun.reflect.NativeMethodAccessorImpl.invoke0(Native Method)
	at sun.reflect.NativeMethodAccessorImpl.invoke(NativeMethodAccessorImpl.java:39)
	at sun.reflect.DelegatingMethodAccessorImpl.invoke(DelegatingMethodAccessorImpl.java:25)
	at java.lang.reflect.Method.invoke(Method.java:597)
	at org.apache.catalina.startup.Bootstrap.load(Bootstrap.java:247)
	at org.apache.catalina.startup.Bootstrap.main(Bootstrap.java:412)
Apr 14, 2015 6:21:58 PM org.apache.catalina.startup.Catalina load
SEVERE: Catalina.start
LifecycleException:  Protocol handler initialization failed: java.net.BindException: Address already in use:8080
	at org.apache.catalina.connector.Connector.initialize(Connector.java:1018)
	at org.apache.catalina.core.StandardService.initialize(StandardService.java:580)
	at org.apache.catalina.core.StandardServer.initialize(StandardServer.java:782)
	at org.apache.catalina.startup.Catalina.load(Catalina.java:503)
	at org.apache.catalina.startup.Catalina.load(Catalina.java:523)
	at sun.reflect.NativeMethodAccessorImpl.invoke0(Native Method)
	at sun.reflect.NativeMethodAccessorImpl.invoke(NativeMethodAccessorImpl.java:39)
	at sun.reflect.DelegatingMethodAccessorImpl.invoke(DelegatingMethodAccessorImpl.java:25)
	at java.lang.reflect.Method.invoke(Method.java:597)
	at org.apache.catalina.startup.Bootstrap.load(Bootstrap.java:247)
	at org.apache.catalina.startup.Bootstrap.main(Bootstrap.java:412)
Apr 14, 2015 6:21:58 PM org.apache.catalina.startup.Catalina load
INFO: Initialization processed in 453 ms
Apr 14, 2015 6:21:58 PM org.apache.catalina.core.StandardService start
INFO: Starting service Catalina
Apr 14, 2015 6:21:58 PM org.apache.catalina.core.StandardEngine start
INFO: Starting Servlet Engine: Apache Tomcat/5.5.15
Apr 14, 2015 6:21:58 PM org.apache.catalina.core.StandardHost start
INFO: XML validation disabled
Apr 14, 2015 6:21:59 PM org.apache.coyote.http11.Http11BaseProtocol start
SEVERE: Error starting endpoint
java.net.BindException: Address already in use:8080
	at org.apache.tomcat.util.net.PoolTcpEndpoint.initEndpoint(PoolTcpEndpoint.java:297)
	at org.apache.tomcat.util.net.PoolTcpEndpoint.startEndpoint(PoolTcpEndpoint.java:312)
	at org.apache.coyote.http11.Http11BaseProtocol.start(Http11BaseProtocol.java:153)
	at org.apache.coyote.http11.Http11Protocol.start(Http11Protocol.java:102)
	at org.apache.catalina.connector.Connector.start(Connector.java:1089)
	at org.apache.catalina.core.StandardService.start(StandardService.java:459)
	at org.apache.catalina.core.StandardServer.start(StandardServer.java:700)
	at org.apache.catalina.startup.Catalina.start(Catalina.java:551)
	at sun.reflect.NativeMethodAccessorImpl.invoke0(Native Method)
	at sun.reflect.NativeMethodAccessorImpl.invoke(NativeMethodAccessorImpl.java:39)
	at sun.reflect.DelegatingMethodAccessorImpl.invoke(DelegatingMethodAccessorImpl.java:25)
	at java.lang.reflect.Method.invoke(Method.java:597)
	at org.apache.catalina.startup.Bootstrap.start(Bootstrap.java:275)
	at org.apache.catalina.startup.Bootstrap.main(Bootstrap.java:413)
Apr 14, 2015 6:21:59 PM org.apache.catalina.startup.Catalina start
SEVERE: Catalina.start: 
LifecycleException:  service.getName(): "Catalina";  Protocol handler start failed: java.net.BindException: Address already in use:8080
	at org.apache.catalina.connector.Connector.start(Connector.java:1096)
	at org.apache.catalina.core.StandardService.start(StandardService.java:459)
	at org.apache.catalina.core.StandardServer.start(StandardServer.java:700)
	at org.apache.catalina.startup.Catalina.start(Catalina.java:551)
	at sun.reflect.NativeMethodAccessorImpl.invoke0(Native Method)
	at sun.reflect.NativeMethodAccessorImpl.invoke(NativeMethodAccessorImpl.java:39)
	at sun.reflect.DelegatingMethodAccessorImpl.invoke(DelegatingMethodAccessorImpl.java:25)
	at java.lang.reflect.Method.invoke(Method.java:597)
	at org.apache.catalina.startup.Bootstrap.start(Bootstrap.java:275)
	at org.apache.catalina.startup.Bootstrap.main(Bootstrap.java:413)
Apr 14, 2015 6:21:59 PM org.apache.catalina.startup.Catalina start
INFO: Server startup in 913 ms
Apr 14, 2015 6:21:59 PM org.apache.catalina.core.StandardServer await
SEVERE: StandardServer.await: create[8000]: 
java.net.BindException: Address already in use
	at java.net.PlainSocketImpl.socketBind(Native Method)
	at java.net.PlainSocketImpl.socketBind(PlainSocketImpl.java:521)
	at java.net.PlainSocketImpl.bind(PlainSocketImpl.java:414)
	at java.net.ServerSocket.bind(ServerSocket.java:326)
	at java.net.ServerSocket.<init>(ServerSocket.java:192)
	at org.apache.catalina.core.StandardServer.await(StandardServer.java:363)
	at org.apache.catalina.startup.Catalina.await(Catalina.java:615)
	at org.apache.catalina.startup.Catalina.start(Catalina.java:575)
	at sun.reflect.NativeMethodAccessorImpl.invoke0(Native Method)
	at sun.reflect.NativeMethodAccessorImpl.invoke(NativeMethodAccessorImpl.java:39)
	at sun.reflect.DelegatingMethodAccessorImpl.invoke(DelegatingMethodAccessorImpl.java:25)
	at java.lang.reflect.Method.invoke(Method.java:597)
	at org.apache.catalina.startup.Bootstrap.start(Bootstrap.java:275)
	at org.apache.catalina.startup.Bootstrap.main(Bootstrap.java:413)
Apr 14, 2015 6:21:59 PM org.apache.coyote.http11.Http11BaseProtocol pause
INFO: Pausing Coyote HTTP/1.1 on http-8080
Apr 14, 2015 6:22:00 PM org.apache.catalina.core.StandardService stop
INFO: Stopping service Catalina
Apr 14, 2015 6:22:00 PM org.apache.catalina.connector.MapperListener destroy
WARNING: Error unregistering MBeanServerDelegate
java.lang.NullPointerException
	at org.apache.catalina.connector.MapperListener.destroy(MapperListener.java:161)
	at org.apache.catalina.connector.Connector.stop(Connector.java:1137)
	at org.apache.catalina.core.StandardService.stop(StandardService.java:521)
	at org.apache.catalina.core.StandardServer.stop(StandardServer.java:734)
	at org.apache.catalina.startup.Catalina.stop(Catalina.java:601)
	at org.apache.catalina.startup.Catalina$CatalinaShutdownHook.run(Catalina.java:644)
Apr 14, 2015 6:22:00 PM org.apache.coyote.http11.Http11BaseProtocol destroy
INFO: Stopping Coyote HTTP/1.1 on http-8080
Apr 14, 2015 6:22:00 PM org.apache.catalina.core.AprLifecycleListener lifecycleEvent
INFO: Failed shutdown of Apache Portable Runtime
Apr 14, 2015 6:22:22 PM org.apache.catalina.startup.HostConfig checkResources
INFO: Undeploying context [/photoshare]
Apr 14, 2015 6:22:23 PM org.apache.catalina.startup.HostConfig deployWAR
INFO: Deploying web application archive photoshare.war
Apr 14, 2015 6:24:23 PM org.apache.catalina.startup.HostConfig checkResources
INFO: Undeploying context [/photoshare]
Apr 14, 2015 6:24:23 PM org.apache.catalina.startup.HostConfig deployWAR
INFO: Deploying web application archive photoshare.war
Apr 14, 2015 6:27:33 PM org.apache.catalina.startup.HostConfig checkResources
INFO: Undeploying context [/photoshare]
Apr 14, 2015 6:27:33 PM org.apache.catalina.startup.HostConfig deployWAR
INFO: Deploying web application archive photoshare.war
Apr 14, 2015 11:22:01 PM org.apache.coyote.http11.Http11BaseProtocol pause
INFO: Pausing Coyote HTTP/1.1 on http-8080
Apr 14, 2015 11:22:02 PM org.apache.catalina.core.StandardService stop
INFO: Stopping service Catalina
Apr 14, 2015 11:22:02 PM org.apache.coyote.http11.Http11BaseProtocol destroy
INFO: Stopping Coyote HTTP/1.1 on http-8080
Apr 14, 2015 11:22:02 PM org.apache.catalina.core.AprLifecycleListener lifecycleEvent
INFO: Failed shutdown of Apache Portable Runtime
Apr 14, 2015 11:22:23 PM org.apache.catalina.core.AprLifecycleListener lifecycleEvent
INFO: The Apache Tomcat Native library which allows optimal performance in production environments was not found on the java.library.path: .:/Library/Java/Extensions:/System/Library/Java/Extensions:/usr/lib/java
Apr 14, 2015 11:22:23 PM org.apache.coyote.http11.Http11BaseProtocol init
INFO: Initializing Coyote HTTP/1.1 on http-8080
Apr 14, 2015 11:22:23 PM org.apache.catalina.startup.Catalina load
INFO: Initialization processed in 574 ms
Apr 14, 2015 11:22:24 PM org.apache.catalina.core.StandardService start
INFO: Starting service Catalina
Apr 14, 2015 11:22:24 PM org.apache.catalina.core.StandardEngine start
INFO: Starting Servlet Engine: Apache Tomcat/5.5.15
Apr 14, 2015 11:22:24 PM org.apache.catalina.core.StandardHost start
INFO: XML validation disabled
Apr 14, 2015 11:22:24 PM org.apache.coyote.http11.Http11BaseProtocol start
INFO: Starting Coyote HTTP/1.1 on http-8080
Apr 14, 2015 11:22:24 PM org.apache.catalina.storeconfig.StoreLoader load
INFO: Find registry server-registry.xml at classpath resource
Apr 14, 2015 11:22:24 PM org.apache.catalina.startup.Catalina start
INFO: Server startup in 1056 ms
Apr 14, 2015 11:22:44 PM org.apache.catalina.startup.HostConfig checkResources
INFO: Undeploying context [/photoshare]
Apr 14, 2015 11:22:44 PM org.apache.catalina.startup.HostConfig deployWAR
INFO: Deploying web application archive photoshare.war
