Apr 16, 2015 1:15:17 PM org.apache.catalina.core.ApplicationContext log
INFO: SessionListener: contextDestroyed()
Apr 16, 2015 1:15:17 PM org.apache.catalina.core.ApplicationContext log
INFO: ContextListener: contextDestroyed()
Apr 16, 2015 1:15:17 PM org.apache.catalina.core.ApplicationContext log
INFO: SessionListener: contextDestroyed()
Apr 16, 2015 1:15:17 PM org.apache.catalina.core.ApplicationContext log
INFO: ContextListener: contextDestroyed()
Apr 16, 2015 1:16:33 PM org.apache.catalina.core.ApplicationContext log
INFO: org.apache.webapp.balancer.BalancerFilter: init(): ruleChain: [org.apache.webapp.balancer.RuleChain: [org.apache.webapp.balancer.rules.URLStringMatchRule: Target string: News / Redirect URL: http://www.cnn.com], [org.apache.webapp.balancer.rules.RequestParameterRule: Target param name: paramName / Target param value: paramValue / Redirect URL: http://www.yahoo.com], [org.apache.webapp.balancer.rules.AcceptEverythingRule: Redirect URL: http://jakarta.apache.org]]
Apr 16, 2015 1:16:33 PM org.apache.catalina.core.ApplicationContext log
INFO: ContextListener: contextInitialized()
Apr 16, 2015 1:16:33 PM org.apache.catalina.core.ApplicationContext log
INFO: SessionListener: contextInitialized()
Apr 16, 2015 1:16:33 PM org.apache.catalina.core.ApplicationContext log
INFO: ContextListener: contextInitialized()
Apr 16, 2015 1:16:33 PM org.apache.catalina.core.ApplicationContext log
INFO: SessionListener: contextInitialized()
Apr 16, 2015 1:18:12 PM org.apache.catalina.core.StandardWrapperValve invoke
SEVERE: Servlet.service() for servlet jsp threw exception
java.lang.RuntimeException: org.postgresql.util.PSQLException: ERROR: null value in column "albumid" violates not-null constraint
  Detail: Failing row contains (null, 50, album1, 55554444).
	at photoshare.AlbumDao.create(AlbumDao.java:129)
	at org.apache.jsp.addalbum_jsp._jspService(org.apache.jsp.addalbum_jsp:67)
	at org.apache.jasper.runtime.HttpJspBase.service(HttpJspBase.java:97)
	at javax.servlet.http.HttpServlet.service(HttpServlet.java:802)
	at org.apache.jasper.servlet.JspServletWrapper.service(JspServletWrapper.java:332)
	at org.apache.jasper.servlet.JspServlet.serviceJspFile(JspServlet.java:314)
	at org.apache.jasper.servlet.JspServlet.service(JspServlet.java:264)
	at javax.servlet.http.HttpServlet.service(HttpServlet.java:802)
	at org.apache.catalina.core.ApplicationFilterChain.internalDoFilter(ApplicationFilterChain.java:252)
	at org.apache.catalina.core.ApplicationFilterChain.doFilter(ApplicationFilterChain.java:173)
	at org.apache.catalina.core.StandardWrapperValve.invoke(StandardWrapperValve.java:213)
	at org.apache.catalina.core.StandardContextValve.invoke(StandardContextValve.java:178)
	at org.apache.catalina.authenticator.AuthenticatorBase.invoke(AuthenticatorBase.java:432)
	at org.apache.catalina.core.StandardHostValve.invoke(StandardHostValve.java:126)
	at org.apache.catalina.valves.ErrorReportValve.invoke(ErrorReportValve.java:105)
	at org.apache.catalina.core.StandardEngineValve.invoke(StandardEngineValve.java:107)
	at org.apache.catalina.connector.CoyoteAdapter.service(CoyoteAdapter.java:148)
	at org.apache.coyote.http11.Http11Processor.process(Http11Processor.java:869)
	at org.apache.coyote.http11.Http11BaseProtocol$Http11ConnectionHandler.processConnection(Http11BaseProtocol.java:667)
	at org.apache.tomcat.util.net.PoolTcpEndpoint.processSocket(PoolTcpEndpoint.java:527)
	at org.apache.tomcat.util.net.LeaderFollowerWorkerThread.runIt(LeaderFollowerWorkerThread.java:80)
	at org.apache.tomcat.util.threads.ThreadPool$ControlRunnable.run(ThreadPool.java:684)
	at java.lang.Thread.run(Thread.java:695)
Caused by: org.postgresql.util.PSQLException: ERROR: null value in column "albumid" violates not-null constraint
  Detail: Failing row contains (null, 50, album1, 55554444).
	at org.postgresql.core.v3.QueryExecutorImpl.receiveErrorResponse(QueryExecutorImpl.java:1512)
	at org.postgresql.core.v3.QueryExecutorImpl.processResults(QueryExecutorImpl.java:1297)
	at org.postgresql.core.v3.QueryExecutorImpl.execute(QueryExecutorImpl.java:188)
	at org.postgresql.jdbc2.AbstractJdbc2Statement.execute(AbstractJdbc2Statement.java:430)
	at org.postgresql.jdbc2.AbstractJdbc2Statement.executeWithFlags(AbstractJdbc2Statement.java:346)
	at org.postgresql.jdbc2.AbstractJdbc2Statement.executeQuery(AbstractJdbc2Statement.java:250)
	at org.apache.tomcat.dbcp.dbcp.DelegatingPreparedStatement.executeQuery(DelegatingPreparedStatement.java:92)
	at photoshare.AlbumDao.create(AlbumDao.java:116)
	... 22 more
Apr 16, 2015 1:21:16 PM org.apache.catalina.core.StandardWrapperValve invoke
SEVERE: Servlet.service() for servlet jsp threw exception
java.lang.RuntimeException: org.postgresql.util.PSQLException: ERROR: null value in column "albumid" violates not-null constraint
  Detail: Failing row contains (null, 50, testt, 55554444).
	at photoshare.AlbumDao.create(AlbumDao.java:129)
	at org.apache.jsp.addalbum_jsp._jspService(org.apache.jsp.addalbum_jsp:67)
	at org.apache.jasper.runtime.HttpJspBase.service(HttpJspBase.java:97)
	at javax.servlet.http.HttpServlet.service(HttpServlet.java:802)
	at org.apache.jasper.servlet.JspServletWrapper.service(JspServletWrapper.java:332)
	at org.apache.jasper.servlet.JspServlet.serviceJspFile(JspServlet.java:314)
	at org.apache.jasper.servlet.JspServlet.service(JspServlet.java:264)
	at javax.servlet.http.HttpServlet.service(HttpServlet.java:802)
	at org.apache.catalina.core.ApplicationFilterChain.internalDoFilter(ApplicationFilterChain.java:252)
	at org.apache.catalina.core.ApplicationFilterChain.doFilter(ApplicationFilterChain.java:173)
	at org.apache.catalina.core.StandardWrapperValve.invoke(StandardWrapperValve.java:213)
	at org.apache.catalina.core.StandardContextValve.invoke(StandardContextValve.java:178)
	at org.apache.catalina.authenticator.AuthenticatorBase.invoke(AuthenticatorBase.java:432)
	at org.apache.catalina.core.StandardHostValve.invoke(StandardHostValve.java:126)
	at org.apache.catalina.valves.ErrorReportValve.invoke(ErrorReportValve.java:105)
	at org.apache.catalina.core.StandardEngineValve.invoke(StandardEngineValve.java:107)
	at org.apache.catalina.connector.CoyoteAdapter.service(CoyoteAdapter.java:148)
	at org.apache.coyote.http11.Http11Processor.process(Http11Processor.java:869)
	at org.apache.coyote.http11.Http11BaseProtocol$Http11ConnectionHandler.processConnection(Http11BaseProtocol.java:667)
	at org.apache.tomcat.util.net.PoolTcpEndpoint.processSocket(PoolTcpEndpoint.java:527)
	at org.apache.tomcat.util.net.LeaderFollowerWorkerThread.runIt(LeaderFollowerWorkerThread.java:80)
	at org.apache.tomcat.util.threads.ThreadPool$ControlRunnable.run(ThreadPool.java:684)
	at java.lang.Thread.run(Thread.java:695)
Caused by: org.postgresql.util.PSQLException: ERROR: null value in column "albumid" violates not-null constraint
  Detail: Failing row contains (null, 50, testt, 55554444).
	at org.postgresql.core.v3.QueryExecutorImpl.receiveErrorResponse(QueryExecutorImpl.java:1512)
	at org.postgresql.core.v3.QueryExecutorImpl.processResults(QueryExecutorImpl.java:1297)
	at org.postgresql.core.v3.QueryExecutorImpl.execute(QueryExecutorImpl.java:188)
	at org.postgresql.jdbc2.AbstractJdbc2Statement.execute(AbstractJdbc2Statement.java:430)
	at org.postgresql.jdbc2.AbstractJdbc2Statement.executeWithFlags(AbstractJdbc2Statement.java:346)
	at org.postgresql.jdbc2.AbstractJdbc2Statement.executeQuery(AbstractJdbc2Statement.java:250)
	at org.apache.tomcat.dbcp.dbcp.DelegatingPreparedStatement.executeQuery(DelegatingPreparedStatement.java:92)
	at photoshare.AlbumDao.create(AlbumDao.java:116)
	... 22 more
Apr 16, 2015 1:22:30 PM org.apache.catalina.core.StandardWrapperValve invoke
SEVERE: Servlet.service() for servlet jsp threw exception
java.lang.NullPointerException
	at org.apache.jsp.addalbum_jsp._jspService(org.apache.jsp.addalbum_jsp:61)
	at org.apache.jasper.runtime.HttpJspBase.service(HttpJspBase.java:97)
	at javax.servlet.http.HttpServlet.service(HttpServlet.java:802)
	at org.apache.jasper.servlet.JspServletWrapper.service(JspServletWrapper.java:332)
	at org.apache.jasper.servlet.JspServlet.serviceJspFile(JspServlet.java:314)
	at org.apache.jasper.servlet.JspServlet.service(JspServlet.java:264)
	at javax.servlet.http.HttpServlet.service(HttpServlet.java:802)
	at org.apache.catalina.core.ApplicationFilterChain.internalDoFilter(ApplicationFilterChain.java:252)
	at org.apache.catalina.core.ApplicationFilterChain.doFilter(ApplicationFilterChain.java:173)
	at org.apache.catalina.core.StandardWrapperValve.invoke(StandardWrapperValve.java:213)
	at org.apache.catalina.core.StandardContextValve.invoke(StandardContextValve.java:178)
	at org.apache.catalina.authenticator.AuthenticatorBase.invoke(AuthenticatorBase.java:432)
	at org.apache.catalina.core.StandardHostValve.invoke(StandardHostValve.java:126)
	at org.apache.catalina.valves.ErrorReportValve.invoke(ErrorReportValve.java:105)
	at org.apache.catalina.core.StandardEngineValve.invoke(StandardEngineValve.java:107)
	at org.apache.catalina.connector.CoyoteAdapter.service(CoyoteAdapter.java:148)
	at org.apache.coyote.http11.Http11Processor.process(Http11Processor.java:869)
	at org.apache.coyote.http11.Http11BaseProtocol$Http11ConnectionHandler.processConnection(Http11BaseProtocol.java:667)
	at org.apache.tomcat.util.net.PoolTcpEndpoint.processSocket(PoolTcpEndpoint.java:527)
	at org.apache.tomcat.util.net.LeaderFollowerWorkerThread.runIt(LeaderFollowerWorkerThread.java:80)
	at org.apache.tomcat.util.threads.ThreadPool$ControlRunnable.run(ThreadPool.java:684)
	at java.lang.Thread.run(Thread.java:695)
Apr 16, 2015 1:22:31 PM org.apache.catalina.core.StandardWrapperValve invoke
SEVERE: Servlet.service() for servlet jsp threw exception
java.lang.NullPointerException
	at org.apache.jsp.addalbum_jsp._jspService(org.apache.jsp.addalbum_jsp:61)
	at org.apache.jasper.runtime.HttpJspBase.service(HttpJspBase.java:97)
	at javax.servlet.http.HttpServlet.service(HttpServlet.java:802)
	at org.apache.jasper.servlet.JspServletWrapper.service(JspServletWrapper.java:332)
	at org.apache.jasper.servlet.JspServlet.serviceJspFile(JspServlet.java:314)
	at org.apache.jasper.servlet.JspServlet.service(JspServlet.java:264)
	at javax.servlet.http.HttpServlet.service(HttpServlet.java:802)
	at org.apache.catalina.core.ApplicationFilterChain.internalDoFilter(ApplicationFilterChain.java:252)
	at org.apache.catalina.core.ApplicationFilterChain.doFilter(ApplicationFilterChain.java:173)
	at org.apache.catalina.core.StandardWrapperValve.invoke(StandardWrapperValve.java:213)
	at org.apache.catalina.core.StandardContextValve.invoke(StandardContextValve.java:178)
	at org.apache.catalina.authenticator.AuthenticatorBase.invoke(AuthenticatorBase.java:432)
	at org.apache.catalina.core.StandardHostValve.invoke(StandardHostValve.java:126)
	at org.apache.catalina.valves.ErrorReportValve.invoke(ErrorReportValve.java:105)
	at org.apache.catalina.core.StandardEngineValve.invoke(StandardEngineValve.java:107)
	at org.apache.catalina.connector.CoyoteAdapter.service(CoyoteAdapter.java:148)
	at org.apache.coyote.http11.Http11Processor.process(Http11Processor.java:869)
	at org.apache.coyote.http11.Http11BaseProtocol$Http11ConnectionHandler.processConnection(Http11BaseProtocol.java:667)
	at org.apache.tomcat.util.net.PoolTcpEndpoint.processSocket(PoolTcpEndpoint.java:527)
	at org.apache.tomcat.util.net.LeaderFollowerWorkerThread.runIt(LeaderFollowerWorkerThread.java:80)
	at org.apache.tomcat.util.threads.ThreadPool$ControlRunnable.run(ThreadPool.java:684)
	at java.lang.Thread.run(Thread.java:695)
Apr 16, 2015 1:22:32 PM org.apache.catalina.core.StandardWrapperValve invoke
SEVERE: Servlet.service() for servlet jsp threw exception
java.lang.NullPointerException
	at org.apache.jsp.addalbum_jsp._jspService(org.apache.jsp.addalbum_jsp:61)
	at org.apache.jasper.runtime.HttpJspBase.service(HttpJspBase.java:97)
	at javax.servlet.http.HttpServlet.service(HttpServlet.java:802)
	at org.apache.jasper.servlet.JspServletWrapper.service(JspServletWrapper.java:332)
	at org.apache.jasper.servlet.JspServlet.serviceJspFile(JspServlet.java:314)
	at org.apache.jasper.servlet.JspServlet.service(JspServlet.java:264)
	at javax.servlet.http.HttpServlet.service(HttpServlet.java:802)
	at org.apache.catalina.core.ApplicationFilterChain.internalDoFilter(ApplicationFilterChain.java:252)
	at org.apache.catalina.core.ApplicationFilterChain.doFilter(ApplicationFilterChain.java:173)
	at org.apache.catalina.core.StandardWrapperValve.invoke(StandardWrapperValve.java:213)
	at org.apache.catalina.core.StandardContextValve.invoke(StandardContextValve.java:178)
	at org.apache.catalina.authenticator.AuthenticatorBase.invoke(AuthenticatorBase.java:432)
	at org.apache.catalina.core.StandardHostValve.invoke(StandardHostValve.java:126)
	at org.apache.catalina.valves.ErrorReportValve.invoke(ErrorReportValve.java:105)
	at org.apache.catalina.core.StandardEngineValve.invoke(StandardEngineValve.java:107)
	at org.apache.catalina.connector.CoyoteAdapter.service(CoyoteAdapter.java:148)
	at org.apache.coyote.http11.Http11Processor.process(Http11Processor.java:869)
	at org.apache.coyote.http11.Http11BaseProtocol$Http11ConnectionHandler.processConnection(Http11BaseProtocol.java:667)
	at org.apache.tomcat.util.net.PoolTcpEndpoint.processSocket(PoolTcpEndpoint.java:527)
	at org.apache.tomcat.util.net.LeaderFollowerWorkerThread.runIt(LeaderFollowerWorkerThread.java:80)
	at org.apache.tomcat.util.threads.ThreadPool$ControlRunnable.run(ThreadPool.java:684)
	at java.lang.Thread.run(Thread.java:695)
Apr 16, 2015 1:22:33 PM org.apache.catalina.core.StandardWrapperValve invoke
SEVERE: Servlet.service() for servlet jsp threw exception
java.lang.NullPointerException
	at org.apache.jsp.addalbum_jsp._jspService(org.apache.jsp.addalbum_jsp:61)
	at org.apache.jasper.runtime.HttpJspBase.service(HttpJspBase.java:97)
	at javax.servlet.http.HttpServlet.service(HttpServlet.java:802)
	at org.apache.jasper.servlet.JspServletWrapper.service(JspServletWrapper.java:332)
	at org.apache.jasper.servlet.JspServlet.serviceJspFile(JspServlet.java:314)
	at org.apache.jasper.servlet.JspServlet.service(JspServlet.java:264)
	at javax.servlet.http.HttpServlet.service(HttpServlet.java:802)
	at org.apache.catalina.core.ApplicationFilterChain.internalDoFilter(ApplicationFilterChain.java:252)
	at org.apache.catalina.core.ApplicationFilterChain.doFilter(ApplicationFilterChain.java:173)
	at org.apache.catalina.core.StandardWrapperValve.invoke(StandardWrapperValve.java:213)
	at org.apache.catalina.core.StandardContextValve.invoke(StandardContextValve.java:178)
	at org.apache.catalina.authenticator.AuthenticatorBase.invoke(AuthenticatorBase.java:432)
	at org.apache.catalina.core.StandardHostValve.invoke(StandardHostValve.java:126)
	at org.apache.catalina.valves.ErrorReportValve.invoke(ErrorReportValve.java:105)
	at org.apache.catalina.core.StandardEngineValve.invoke(StandardEngineValve.java:107)
	at org.apache.catalina.connector.CoyoteAdapter.service(CoyoteAdapter.java:148)
	at org.apache.coyote.http11.Http11Processor.process(Http11Processor.java:869)
	at org.apache.coyote.http11.Http11BaseProtocol$Http11ConnectionHandler.processConnection(Http11BaseProtocol.java:667)
	at org.apache.tomcat.util.net.PoolTcpEndpoint.processSocket(PoolTcpEndpoint.java:527)
	at org.apache.tomcat.util.net.LeaderFollowerWorkerThread.runIt(LeaderFollowerWorkerThread.java:80)
	at org.apache.tomcat.util.threads.ThreadPool$ControlRunnable.run(ThreadPool.java:684)
	at java.lang.Thread.run(Thread.java:695)
Apr 16, 2015 1:22:54 PM org.apache.catalina.core.StandardWrapperValve invoke
SEVERE: Servlet.service() for servlet jsp threw exception
java.lang.RuntimeException: org.postgresql.util.PSQLException: ERROR: null value in column "albumid" violates not-null constraint
  Detail: Failing row contains (null, 15, testalbumB, 55554444).
	at photoshare.AlbumDao.create(AlbumDao.java:129)
	at org.apache.jsp.addalbum_jsp._jspService(org.apache.jsp.addalbum_jsp:67)
	at org.apache.jasper.runtime.HttpJspBase.service(HttpJspBase.java:97)
	at javax.servlet.http.HttpServlet.service(HttpServlet.java:802)
	at org.apache.jasper.servlet.JspServletWrapper.service(JspServletWrapper.java:332)
	at org.apache.jasper.servlet.JspServlet.serviceJspFile(JspServlet.java:314)
	at org.apache.jasper.servlet.JspServlet.service(JspServlet.java:264)
	at javax.servlet.http.HttpServlet.service(HttpServlet.java:802)
	at org.apache.catalina.core.ApplicationFilterChain.internalDoFilter(ApplicationFilterChain.java:252)
	at org.apache.catalina.core.ApplicationFilterChain.doFilter(ApplicationFilterChain.java:173)
	at org.apache.catalina.core.StandardWrapperValve.invoke(StandardWrapperValve.java:213)
	at org.apache.catalina.core.StandardContextValve.invoke(StandardContextValve.java:178)
	at org.apache.catalina.authenticator.AuthenticatorBase.invoke(AuthenticatorBase.java:432)
	at org.apache.catalina.core.StandardHostValve.invoke(StandardHostValve.java:126)
	at org.apache.catalina.valves.ErrorReportValve.invoke(ErrorReportValve.java:105)
	at org.apache.catalina.core.StandardEngineValve.invoke(StandardEngineValve.java:107)
	at org.apache.catalina.connector.CoyoteAdapter.service(CoyoteAdapter.java:148)
	at org.apache.coyote.http11.Http11Processor.process(Http11Processor.java:869)
	at org.apache.coyote.http11.Http11BaseProtocol$Http11ConnectionHandler.processConnection(Http11BaseProtocol.java:667)
	at org.apache.tomcat.util.net.PoolTcpEndpoint.processSocket(PoolTcpEndpoint.java:527)
	at org.apache.tomcat.util.net.LeaderFollowerWorkerThread.runIt(LeaderFollowerWorkerThread.java:80)
	at org.apache.tomcat.util.threads.ThreadPool$ControlRunnable.run(ThreadPool.java:684)
	at java.lang.Thread.run(Thread.java:695)
Caused by: org.postgresql.util.PSQLException: ERROR: null value in column "albumid" violates not-null constraint
  Detail: Failing row contains (null, 15, testalbumB, 55554444).
	at org.postgresql.core.v3.QueryExecutorImpl.receiveErrorResponse(QueryExecutorImpl.java:1512)
	at org.postgresql.core.v3.QueryExecutorImpl.processResults(QueryExecutorImpl.java:1297)
	at org.postgresql.core.v3.QueryExecutorImpl.execute(QueryExecutorImpl.java:188)
	at org.postgresql.jdbc2.AbstractJdbc2Statement.execute(AbstractJdbc2Statement.java:430)
	at org.postgresql.jdbc2.AbstractJdbc2Statement.executeWithFlags(AbstractJdbc2Statement.java:346)
	at org.postgresql.jdbc2.AbstractJdbc2Statement.executeQuery(AbstractJdbc2Statement.java:250)
	at org.apache.tomcat.dbcp.dbcp.DelegatingPreparedStatement.executeQuery(DelegatingPreparedStatement.java:92)
	at photoshare.AlbumDao.create(AlbumDao.java:116)
	... 22 more
Apr 16, 2015 1:24:49 PM org.apache.catalina.core.StandardWrapperValve invoke
SEVERE: Servlet.service() for servlet jsp threw exception
java.lang.RuntimeException: org.postgresql.util.PSQLException: ERROR: null value in column "albumid" violates not-null constraint
  Detail: Failing row contains (null, 15, albumthree, 55554444).
	at photoshare.AlbumDao.create(AlbumDao.java:129)
	at org.apache.jsp.addalbum_jsp._jspService(org.apache.jsp.addalbum_jsp:67)
	at org.apache.jasper.runtime.HttpJspBase.service(HttpJspBase.java:97)
	at javax.servlet.http.HttpServlet.service(HttpServlet.java:802)
	at org.apache.jasper.servlet.JspServletWrapper.service(JspServletWrapper.java:332)
	at org.apache.jasper.servlet.JspServlet.serviceJspFile(JspServlet.java:314)
	at org.apache.jasper.servlet.JspServlet.service(JspServlet.java:264)
	at javax.servlet.http.HttpServlet.service(HttpServlet.java:802)
	at org.apache.catalina.core.ApplicationFilterChain.internalDoFilter(ApplicationFilterChain.java:252)
	at org.apache.catalina.core.ApplicationFilterChain.doFilter(ApplicationFilterChain.java:173)
	at org.apache.catalina.core.StandardWrapperValve.invoke(StandardWrapperValve.java:213)
	at org.apache.catalina.core.StandardContextValve.invoke(StandardContextValve.java:178)
	at org.apache.catalina.authenticator.AuthenticatorBase.invoke(AuthenticatorBase.java:432)
	at org.apache.catalina.core.StandardHostValve.invoke(StandardHostValve.java:126)
	at org.apache.catalina.valves.ErrorReportValve.invoke(ErrorReportValve.java:105)
	at org.apache.catalina.core.StandardEngineValve.invoke(StandardEngineValve.java:107)
	at org.apache.catalina.connector.CoyoteAdapter.service(CoyoteAdapter.java:148)
	at org.apache.coyote.http11.Http11Processor.process(Http11Processor.java:869)
	at org.apache.coyote.http11.Http11BaseProtocol$Http11ConnectionHandler.processConnection(Http11BaseProtocol.java:667)
	at org.apache.tomcat.util.net.PoolTcpEndpoint.processSocket(PoolTcpEndpoint.java:527)
	at org.apache.tomcat.util.net.LeaderFollowerWorkerThread.runIt(LeaderFollowerWorkerThread.java:80)
	at org.apache.tomcat.util.threads.ThreadPool$ControlRunnable.run(ThreadPool.java:684)
	at java.lang.Thread.run(Thread.java:695)
Caused by: org.postgresql.util.PSQLException: ERROR: null value in column "albumid" violates not-null constraint
  Detail: Failing row contains (null, 15, albumthree, 55554444).
	at org.postgresql.core.v3.QueryExecutorImpl.receiveErrorResponse(QueryExecutorImpl.java:1512)
	at org.postgresql.core.v3.QueryExecutorImpl.processResults(QueryExecutorImpl.java:1297)
	at org.postgresql.core.v3.QueryExecutorImpl.execute(QueryExecutorImpl.java:188)
	at org.postgresql.jdbc2.AbstractJdbc2Statement.execute(AbstractJdbc2Statement.java:430)
	at org.postgresql.jdbc2.AbstractJdbc2Statement.executeWithFlags(AbstractJdbc2Statement.java:346)
	at org.postgresql.jdbc2.AbstractJdbc2Statement.executeQuery(AbstractJdbc2Statement.java:250)
	at org.apache.tomcat.dbcp.dbcp.DelegatingPreparedStatement.executeQuery(DelegatingPreparedStatement.java:92)
	at photoshare.AlbumDao.create(AlbumDao.java:116)
	... 22 more
Apr 16, 2015 1:37:39 PM org.apache.catalina.core.StandardWrapperValve invoke
SEVERE: Servlet.service() for servlet jsp threw exception
java.lang.NullPointerException
	at org.apache.jsp.addalbum_jsp._jspService(org.apache.jsp.addalbum_jsp:61)
	at org.apache.jasper.runtime.HttpJspBase.service(HttpJspBase.java:97)
	at javax.servlet.http.HttpServlet.service(HttpServlet.java:802)
	at org.apache.jasper.servlet.JspServletWrapper.service(JspServletWrapper.java:332)
	at org.apache.jasper.servlet.JspServlet.serviceJspFile(JspServlet.java:314)
	at org.apache.jasper.servlet.JspServlet.service(JspServlet.java:264)
	at javax.servlet.http.HttpServlet.service(HttpServlet.java:802)
	at org.apache.catalina.core.ApplicationFilterChain.internalDoFilter(ApplicationFilterChain.java:252)
	at org.apache.catalina.core.ApplicationFilterChain.doFilter(ApplicationFilterChain.java:173)
	at org.apache.catalina.core.StandardWrapperValve.invoke(StandardWrapperValve.java:213)
	at org.apache.catalina.core.StandardContextValve.invoke(StandardContextValve.java:178)
	at org.apache.catalina.authenticator.AuthenticatorBase.invoke(AuthenticatorBase.java:432)
	at org.apache.catalina.core.StandardHostValve.invoke(StandardHostValve.java:126)
	at org.apache.catalina.valves.ErrorReportValve.invoke(ErrorReportValve.java:105)
	at org.apache.catalina.core.StandardEngineValve.invoke(StandardEngineValve.java:107)
	at org.apache.catalina.connector.CoyoteAdapter.service(CoyoteAdapter.java:148)
	at org.apache.coyote.http11.Http11Processor.process(Http11Processor.java:869)
	at org.apache.coyote.http11.Http11BaseProtocol$Http11ConnectionHandler.processConnection(Http11BaseProtocol.java:667)
	at org.apache.tomcat.util.net.PoolTcpEndpoint.processSocket(PoolTcpEndpoint.java:527)
	at org.apache.tomcat.util.net.LeaderFollowerWorkerThread.runIt(LeaderFollowerWorkerThread.java:80)
	at org.apache.tomcat.util.threads.ThreadPool$ControlRunnable.run(ThreadPool.java:684)
	at java.lang.Thread.run(Thread.java:695)
Apr 16, 2015 1:38:01 PM org.apache.catalina.core.StandardWrapperValve invoke
SEVERE: Servlet.service() for servlet jsp threw exception
java.lang.RuntimeException: org.postgresql.util.PSQLException: No results were returned by the query.
	at photoshare.AlbumDao.create(AlbumDao.java:129)
	at org.apache.jsp.addalbum_jsp._jspService(org.apache.jsp.addalbum_jsp:67)
	at org.apache.jasper.runtime.HttpJspBase.service(HttpJspBase.java:97)
	at javax.servlet.http.HttpServlet.service(HttpServlet.java:802)
	at org.apache.jasper.servlet.JspServletWrapper.service(JspServletWrapper.java:332)
	at org.apache.jasper.servlet.JspServlet.serviceJspFile(JspServlet.java:314)
	at org.apache.jasper.servlet.JspServlet.service(JspServlet.java:264)
	at javax.servlet.http.HttpServlet.service(HttpServlet.java:802)
	at org.apache.catalina.core.ApplicationFilterChain.internalDoFilter(ApplicationFilterChain.java:252)
	at org.apache.catalina.core.ApplicationFilterChain.doFilter(ApplicationFilterChain.java:173)
	at org.apache.catalina.core.StandardWrapperValve.invoke(StandardWrapperValve.java:213)
	at org.apache.catalina.core.StandardContextValve.invoke(StandardContextValve.java:178)
	at org.apache.catalina.authenticator.AuthenticatorBase.invoke(AuthenticatorBase.java:432)
	at org.apache.catalina.core.StandardHostValve.invoke(StandardHostValve.java:126)
	at org.apache.catalina.valves.ErrorReportValve.invoke(ErrorReportValve.java:105)
	at org.apache.catalina.core.StandardEngineValve.invoke(StandardEngineValve.java:107)
	at org.apache.catalina.connector.CoyoteAdapter.service(CoyoteAdapter.java:148)
	at org.apache.coyote.http11.Http11Processor.process(Http11Processor.java:869)
	at org.apache.coyote.http11.Http11BaseProtocol$Http11ConnectionHandler.processConnection(Http11BaseProtocol.java:667)
	at org.apache.tomcat.util.net.PoolTcpEndpoint.processSocket(PoolTcpEndpoint.java:527)
	at org.apache.tomcat.util.net.LeaderFollowerWorkerThread.runIt(LeaderFollowerWorkerThread.java:80)
	at org.apache.tomcat.util.threads.ThreadPool$ControlRunnable.run(ThreadPool.java:684)
	at java.lang.Thread.run(Thread.java:695)
Caused by: org.postgresql.util.PSQLException: No results were returned by the query.
	at org.postgresql.jdbc2.AbstractJdbc2Statement.executeQuery(AbstractJdbc2Statement.java:251)
	at org.apache.tomcat.dbcp.dbcp.DelegatingPreparedStatement.executeQuery(DelegatingPreparedStatement.java:92)
	at photoshare.AlbumDao.create(AlbumDao.java:116)
	... 22 more
Apr 16, 2015 2:02:53 PM org.apache.catalina.core.StandardWrapperValve invoke
SEVERE: Servlet.service() for servlet jsp threw exception
org.postgresql.util.PSQLException: ERROR: column "userid" does not exist
	at org.postgresql.core.v3.QueryExecutorImpl.receiveErrorResponse(QueryExecutorImpl.java:1512)
	at org.postgresql.core.v3.QueryExecutorImpl.processResults(QueryExecutorImpl.java:1297)
	at org.postgresql.core.v3.QueryExecutorImpl.execute(QueryExecutorImpl.java:188)
	at org.postgresql.jdbc2.AbstractJdbc2Statement.execute(AbstractJdbc2Statement.java:430)
	at org.postgresql.jdbc2.AbstractJdbc2Statement.executeWithFlags(AbstractJdbc2Statement.java:346)
	at org.postgresql.jdbc2.AbstractJdbc2Statement.executeQuery(AbstractJdbc2Statement.java:250)
	at org.apache.tomcat.dbcp.dbcp.DelegatingPreparedStatement.executeQuery(DelegatingPreparedStatement.java:92)
	at photoshare.NewUserDao.getidFromEmail(NewUserDao.java:31)
	at org.apache.jsp.addalbum_jsp._jspService(org.apache.jsp.addalbum_jsp:69)
	at org.apache.jasper.runtime.HttpJspBase.service(HttpJspBase.java:97)
	at javax.servlet.http.HttpServlet.service(HttpServlet.java:802)
	at org.apache.jasper.servlet.JspServletWrapper.service(JspServletWrapper.java:332)
	at org.apache.jasper.servlet.JspServlet.serviceJspFile(JspServlet.java:314)
	at org.apache.jasper.servlet.JspServlet.service(JspServlet.java:264)
	at javax.servlet.http.HttpServlet.service(HttpServlet.java:802)
	at org.apache.catalina.core.ApplicationFilterChain.internalDoFilter(ApplicationFilterChain.java:252)
	at org.apache.catalina.core.ApplicationFilterChain.doFilter(ApplicationFilterChain.java:173)
	at org.apache.catalina.core.StandardWrapperValve.invoke(StandardWrapperValve.java:213)
	at org.apache.catalina.core.StandardContextValve.invoke(StandardContextValve.java:178)
	at org.apache.catalina.authenticator.AuthenticatorBase.invoke(AuthenticatorBase.java:432)
	at org.apache.catalina.core.StandardHostValve.invoke(StandardHostValve.java:126)
	at org.apache.catalina.valves.ErrorReportValve.invoke(ErrorReportValve.java:105)
	at org.apache.catalina.core.StandardEngineValve.invoke(StandardEngineValve.java:107)
	at org.apache.catalina.connector.CoyoteAdapter.service(CoyoteAdapter.java:148)
	at org.apache.coyote.http11.Http11Processor.process(Http11Processor.java:869)
	at org.apache.coyote.http11.Http11BaseProtocol$Http11ConnectionHandler.processConnection(Http11BaseProtocol.java:667)
	at org.apache.tomcat.util.net.PoolTcpEndpoint.processSocket(PoolTcpEndpoint.java:527)
	at org.apache.tomcat.util.net.LeaderFollowerWorkerThread.runIt(LeaderFollowerWorkerThread.java:80)
	at org.apache.tomcat.util.threads.ThreadPool$ControlRunnable.run(ThreadPool.java:684)
	at java.lang.Thread.run(Thread.java:695)
Apr 16, 2015 2:04:51 PM org.apache.catalina.core.StandardWrapperValve invoke
SEVERE: Servlet.service() for servlet jsp threw exception
java.lang.NullPointerException
	at org.apache.jsp.addalbum_jsp._jspService(org.apache.jsp.addalbum_jsp:58)
	at org.apache.jasper.runtime.HttpJspBase.service(HttpJspBase.java:97)
	at javax.servlet.http.HttpServlet.service(HttpServlet.java:802)
	at org.apache.jasper.servlet.JspServletWrapper.service(JspServletWrapper.java:332)
	at org.apache.jasper.servlet.JspServlet.serviceJspFile(JspServlet.java:314)
	at org.apache.jasper.servlet.JspServlet.service(JspServlet.java:264)
	at javax.servlet.http.HttpServlet.service(HttpServlet.java:802)
	at org.apache.catalina.core.ApplicationFilterChain.internalDoFilter(ApplicationFilterChain.java:252)
	at org.apache.catalina.core.ApplicationFilterChain.doFilter(ApplicationFilterChain.java:173)
	at org.apache.catalina.core.StandardWrapperValve.invoke(StandardWrapperValve.java:213)
	at org.apache.catalina.core.StandardContextValve.invoke(StandardContextValve.java:178)
	at org.apache.catalina.authenticator.AuthenticatorBase.invoke(AuthenticatorBase.java:432)
	at org.apache.catalina.core.StandardHostValve.invoke(StandardHostValve.java:126)
	at org.apache.catalina.valves.ErrorReportValve.invoke(ErrorReportValve.java:105)
	at org.apache.catalina.core.StandardEngineValve.invoke(StandardEngineValve.java:107)
	at org.apache.catalina.connector.CoyoteAdapter.service(CoyoteAdapter.java:148)
	at org.apache.coyote.http11.Http11Processor.process(Http11Processor.java:869)
	at org.apache.coyote.http11.Http11BaseProtocol$Http11ConnectionHandler.processConnection(Http11BaseProtocol.java:667)
	at org.apache.tomcat.util.net.PoolTcpEndpoint.processSocket(PoolTcpEndpoint.java:527)
	at org.apache.tomcat.util.net.LeaderFollowerWorkerThread.runIt(LeaderFollowerWorkerThread.java:80)
	at org.apache.tomcat.util.threads.ThreadPool$ControlRunnable.run(ThreadPool.java:684)
	at java.lang.Thread.run(Thread.java:695)
Apr 16, 2015 9:27:09 PM org.apache.catalina.core.ApplicationContext log
INFO: SessionListener: contextDestroyed()
Apr 16, 2015 9:27:09 PM org.apache.catalina.core.ApplicationContext log
INFO: ContextListener: contextDestroyed()
Apr 16, 2015 9:27:09 PM org.apache.catalina.core.ApplicationContext log
INFO: SessionListener: contextDestroyed()
Apr 16, 2015 9:27:09 PM org.apache.catalina.core.ApplicationContext log
INFO: ContextListener: contextDestroyed()
