Apr 20, 2015 10:45:07 AM org.apache.catalina.core.ApplicationContext log
INFO: org.apache.webapp.balancer.BalancerFilter: init(): ruleChain: [org.apache.webapp.balancer.RuleChain: [org.apache.webapp.balancer.rules.URLStringMatchRule: Target string: News / Redirect URL: http://www.cnn.com], [org.apache.webapp.balancer.rules.RequestParameterRule: Target param name: paramName / Target param value: paramValue / Redirect URL: http://www.yahoo.com], [org.apache.webapp.balancer.rules.AcceptEverythingRule: Redirect URL: http://jakarta.apache.org]]
Apr 20, 2015 10:45:07 AM org.apache.catalina.core.ApplicationContext log
INFO: ContextListener: contextInitialized()
Apr 20, 2015 10:45:07 AM org.apache.catalina.core.ApplicationContext log
INFO: SessionListener: contextInitialized()
Apr 20, 2015 10:45:07 AM org.apache.catalina.core.ApplicationContext log
INFO: ContextListener: contextInitialized()
Apr 20, 2015 10:45:07 AM org.apache.catalina.core.ApplicationContext log
INFO: SessionListener: contextInitialized()
Apr 20, 2015 12:32:10 PM org.apache.catalina.core.StandardWrapperValve invoke
SEVERE: Servlet.service() for servlet jsp threw exception
org.apache.jasper.JasperException: Unable to compile class for JSP

An error occurred at line: 5 in the jsp file: /newcomment.jsp
Generated servlet error:
Syntax error on token "import", @ expected

An error occurred at line: 5 in the jsp file: /newcomment.jsp
Generated servlet error:
Syntax error on token(s), misplaced construct(s)


	at org.apache.jasper.compiler.DefaultErrorHandler.javacError(DefaultErrorHandler.java:84)
	at org.apache.jasper.compiler.ErrorDispatcher.javacError(ErrorDispatcher.java:328)
	at org.apache.jasper.compiler.JDTCompiler.generateClass(JDTCompiler.java:409)
	at org.apache.jasper.compiler.Compiler.compile(Compiler.java:297)
	at org.apache.jasper.compiler.Compiler.compile(Compiler.java:276)
	at org.apache.jasper.compiler.Compiler.compile(Compiler.java:264)
	at org.apache.jasper.JspCompilationContext.compile(JspCompilationContext.java:563)
	at org.apache.jasper.servlet.JspServletWrapper.service(JspServletWrapper.java:303)
	at org.apache.jasper.servlet.JspServlet.serviceJspFile(JspServlet.java:314)
	at org.apache.jasper.servlet.JspServlet.service(JspServlet.java:264)
	at javax.servlet.http.HttpServlet.service(HttpServlet.java:802)
	at org.apache.catalina.core.ApplicationFilterChain.internalDoFilter(ApplicationFilterChain.java:252)
	at org.apache.catalina.core.ApplicationFilterChain.doFilter(ApplicationFilterChain.java:173)
	at org.apache.catalina.core.StandardWrapperValve.invoke(StandardWrapperValve.java:213)
	at org.apache.catalina.core.StandardContextValve.invoke(StandardContextValve.java:178)
	at org.apache.catalina.authenticator.AuthenticatorBase.invoke(AuthenticatorBase.java:432)
	at org.apache.catalina.core.StandardHostValve.invoke(StandardHostValve.java:126)
	at org.apache.catalina.valves.ErrorReportValve.invoke(ErrorReportValve.java:105)
	at org.apache.catalina.core.StandardEngineValve.invoke(StandardEngineValve.java:107)
	at org.apache.catalina.connector.CoyoteAdapter.service(CoyoteAdapter.java:148)
	at org.apache.coyote.http11.Http11Processor.process(Http11Processor.java:869)
	at org.apache.coyote.http11.Http11BaseProtocol$Http11ConnectionHandler.processConnection(Http11BaseProtocol.java:667)
	at org.apache.tomcat.util.net.PoolTcpEndpoint.processSocket(PoolTcpEndpoint.java:527)
	at org.apache.tomcat.util.net.LeaderFollowerWorkerThread.runIt(LeaderFollowerWorkerThread.java:80)
	at org.apache.tomcat.util.threads.ThreadPool$ControlRunnable.run(ThreadPool.java:684)
	at java.lang.Thread.run(Thread.java:695)
Apr 20, 2015 12:33:19 PM org.apache.catalina.core.StandardWrapperValve invoke
SEVERE: Servlet.service() for servlet jsp threw exception
org.apache.jasper.JasperException: Unable to compile class for JSP

An error occurred at line: 12 in the jsp file: /newcomment.jsp
Generated servlet error:
Type mismatch: cannot convert from String to int

An error occurred at line: 12 in the jsp file: /newcomment.jsp
Generated servlet error:
The constructor Date() is undefined


	at org.apache.jasper.compiler.DefaultErrorHandler.javacError(DefaultErrorHandler.java:84)
	at org.apache.jasper.compiler.ErrorDispatcher.javacError(ErrorDispatcher.java:328)
	at org.apache.jasper.compiler.JDTCompiler.generateClass(JDTCompiler.java:409)
	at org.apache.jasper.compiler.Compiler.compile(Compiler.java:297)
	at org.apache.jasper.compiler.Compiler.compile(Compiler.java:276)
	at org.apache.jasper.compiler.Compiler.compile(Compiler.java:264)
	at org.apache.jasper.JspCompilationContext.compile(JspCompilationContext.java:563)
	at org.apache.jasper.servlet.JspServletWrapper.service(JspServletWrapper.java:303)
	at org.apache.jasper.servlet.JspServlet.serviceJspFile(JspServlet.java:314)
	at org.apache.jasper.servlet.JspServlet.service(JspServlet.java:264)
	at javax.servlet.http.HttpServlet.service(HttpServlet.java:802)
	at org.apache.catalina.core.ApplicationFilterChain.internalDoFilter(ApplicationFilterChain.java:252)
	at org.apache.catalina.core.ApplicationFilterChain.doFilter(ApplicationFilterChain.java:173)
	at org.apache.catalina.core.StandardWrapperValve.invoke(StandardWrapperValve.java:213)
	at org.apache.catalina.core.StandardContextValve.invoke(StandardContextValve.java:178)
	at org.apache.catalina.authenticator.AuthenticatorBase.invoke(AuthenticatorBase.java:432)
	at org.apache.catalina.core.StandardHostValve.invoke(StandardHostValve.java:126)
	at org.apache.catalina.valves.ErrorReportValve.invoke(ErrorReportValve.java:105)
	at org.apache.catalina.core.StandardEngineValve.invoke(StandardEngineValve.java:107)
	at org.apache.catalina.connector.CoyoteAdapter.service(CoyoteAdapter.java:148)
	at org.apache.coyote.http11.Http11Processor.process(Http11Processor.java:869)
	at org.apache.coyote.http11.Http11BaseProtocol$Http11ConnectionHandler.processConnection(Http11BaseProtocol.java:667)
	at org.apache.tomcat.util.net.PoolTcpEndpoint.processSocket(PoolTcpEndpoint.java:527)
	at org.apache.tomcat.util.net.LeaderFollowerWorkerThread.runIt(LeaderFollowerWorkerThread.java:80)
	at org.apache.tomcat.util.threads.ThreadPool$ControlRunnable.run(ThreadPool.java:684)
	at java.lang.Thread.run(Thread.java:695)
Apr 20, 2015 12:35:21 PM org.apache.catalina.core.StandardWrapperValve invoke
SEVERE: Servlet.service() for servlet jsp threw exception
org.apache.jasper.JasperException: Unable to compile class for JSP

Generated servlet error:
The import java.util.Date collides with another import statement

An error occurred at line: 12 in the jsp file: /newcomment.jsp
Generated servlet error:
Type mismatch: cannot convert from String to int

An error occurred at line: 12 in the jsp file: /newcomment.jsp
Generated servlet error:
The constructor Date() is undefined


	at org.apache.jasper.compiler.DefaultErrorHandler.javacError(DefaultErrorHandler.java:84)
	at org.apache.jasper.compiler.ErrorDispatcher.javacError(ErrorDispatcher.java:328)
	at org.apache.jasper.compiler.JDTCompiler.generateClass(JDTCompiler.java:409)
	at org.apache.jasper.compiler.Compiler.compile(Compiler.java:297)
	at org.apache.jasper.compiler.Compiler.compile(Compiler.java:276)
	at org.apache.jasper.compiler.Compiler.compile(Compiler.java:264)
	at org.apache.jasper.JspCompilationContext.compile(JspCompilationContext.java:563)
	at org.apache.jasper.servlet.JspServletWrapper.service(JspServletWrapper.java:303)
	at org.apache.jasper.servlet.JspServlet.serviceJspFile(JspServlet.java:314)
	at org.apache.jasper.servlet.JspServlet.service(JspServlet.java:264)
	at javax.servlet.http.HttpServlet.service(HttpServlet.java:802)
	at org.apache.catalina.core.ApplicationFilterChain.internalDoFilter(ApplicationFilterChain.java:252)
	at org.apache.catalina.core.ApplicationFilterChain.doFilter(ApplicationFilterChain.java:173)
	at org.apache.catalina.core.StandardWrapperValve.invoke(StandardWrapperValve.java:213)
	at org.apache.catalina.core.StandardContextValve.invoke(StandardContextValve.java:178)
	at org.apache.catalina.authenticator.AuthenticatorBase.invoke(AuthenticatorBase.java:432)
	at org.apache.catalina.core.StandardHostValve.invoke(StandardHostValve.java:126)
	at org.apache.catalina.valves.ErrorReportValve.invoke(ErrorReportValve.java:105)
	at org.apache.catalina.core.StandardEngineValve.invoke(StandardEngineValve.java:107)
	at org.apache.catalina.connector.CoyoteAdapter.service(CoyoteAdapter.java:148)
	at org.apache.coyote.http11.Http11Processor.process(Http11Processor.java:869)
	at org.apache.coyote.http11.Http11BaseProtocol$Http11ConnectionHandler.processConnection(Http11BaseProtocol.java:667)
	at org.apache.tomcat.util.net.PoolTcpEndpoint.processSocket(PoolTcpEndpoint.java:527)
	at org.apache.tomcat.util.net.LeaderFollowerWorkerThread.runIt(LeaderFollowerWorkerThread.java:80)
	at org.apache.tomcat.util.threads.ThreadPool$ControlRunnable.run(ThreadPool.java:684)
	at java.lang.Thread.run(Thread.java:695)
Apr 20, 2015 12:36:45 PM org.apache.catalina.core.StandardWrapperValve invoke
SEVERE: Servlet.service() for servlet jsp threw exception
org.apache.jasper.JasperException: Unable to compile class for JSP

Generated servlet error:
The import java.util.Date collides with another import statement

An error occurred at line: 12 in the jsp file: /newcomment.jsp
Generated servlet error:
Type mismatch: cannot convert from String to int

An error occurred at line: 12 in the jsp file: /newcomment.jsp
Generated servlet error:
The constructor Date() is undefined


	at org.apache.jasper.compiler.DefaultErrorHandler.javacError(DefaultErrorHandler.java:84)
	at org.apache.jasper.compiler.ErrorDispatcher.javacError(ErrorDispatcher.java:328)
	at org.apache.jasper.compiler.JDTCompiler.generateClass(JDTCompiler.java:409)
	at org.apache.jasper.compiler.Compiler.compile(Compiler.java:297)
	at org.apache.jasper.compiler.Compiler.compile(Compiler.java:276)
	at org.apache.jasper.compiler.Compiler.compile(Compiler.java:264)
	at org.apache.jasper.JspCompilationContext.compile(JspCompilationContext.java:563)
	at org.apache.jasper.servlet.JspServletWrapper.service(JspServletWrapper.java:303)
	at org.apache.jasper.servlet.JspServlet.serviceJspFile(JspServlet.java:314)
	at org.apache.jasper.servlet.JspServlet.service(JspServlet.java:264)
	at javax.servlet.http.HttpServlet.service(HttpServlet.java:802)
	at org.apache.catalina.core.ApplicationFilterChain.internalDoFilter(ApplicationFilterChain.java:252)
	at org.apache.catalina.core.ApplicationFilterChain.doFilter(ApplicationFilterChain.java:173)
	at org.apache.catalina.core.StandardWrapperValve.invoke(StandardWrapperValve.java:213)
	at org.apache.catalina.core.StandardContextValve.invoke(StandardContextValve.java:178)
	at org.apache.catalina.authenticator.AuthenticatorBase.invoke(AuthenticatorBase.java:432)
	at org.apache.catalina.core.StandardHostValve.invoke(StandardHostValve.java:126)
	at org.apache.catalina.valves.ErrorReportValve.invoke(ErrorReportValve.java:105)
	at org.apache.catalina.core.StandardEngineValve.invoke(StandardEngineValve.java:107)
	at org.apache.catalina.connector.CoyoteAdapter.service(CoyoteAdapter.java:148)
	at org.apache.coyote.http11.Http11Processor.process(Http11Processor.java:869)
	at org.apache.coyote.http11.Http11BaseProtocol$Http11ConnectionHandler.processConnection(Http11BaseProtocol.java:667)
	at org.apache.tomcat.util.net.PoolTcpEndpoint.processSocket(PoolTcpEndpoint.java:527)
	at org.apache.tomcat.util.net.LeaderFollowerWorkerThread.runIt(LeaderFollowerWorkerThread.java:80)
	at org.apache.tomcat.util.threads.ThreadPool$ControlRunnable.run(ThreadPool.java:684)
	at java.lang.Thread.run(Thread.java:695)
Apr 20, 2015 12:49:02 PM org.apache.catalina.core.StandardWrapperValve invoke
SEVERE: Servlet.service() for servlet jsp threw exception
org.apache.jasper.JasperException: Unable to compile class for JSP

Generated servlet error:
The import java.util.Date collides with another import statement

An error occurred at line: 12 in the jsp file: /newcomment.jsp
Generated servlet error:
Type mismatch: cannot convert from String to int

An error occurred at line: 12 in the jsp file: /newcomment.jsp
Generated servlet error:
The constructor Date() is undefined


	at org.apache.jasper.compiler.DefaultErrorHandler.javacError(DefaultErrorHandler.java:84)
	at org.apache.jasper.compiler.ErrorDispatcher.javacError(ErrorDispatcher.java:328)
	at org.apache.jasper.compiler.JDTCompiler.generateClass(JDTCompiler.java:409)
	at org.apache.jasper.compiler.Compiler.compile(Compiler.java:297)
	at org.apache.jasper.compiler.Compiler.compile(Compiler.java:276)
	at org.apache.jasper.compiler.Compiler.compile(Compiler.java:264)
	at org.apache.jasper.JspCompilationContext.compile(JspCompilationContext.java:563)
	at org.apache.jasper.servlet.JspServletWrapper.service(JspServletWrapper.java:303)
	at org.apache.jasper.servlet.JspServlet.serviceJspFile(JspServlet.java:314)
	at org.apache.jasper.servlet.JspServlet.service(JspServlet.java:264)
	at javax.servlet.http.HttpServlet.service(HttpServlet.java:802)
	at org.apache.catalina.core.ApplicationFilterChain.internalDoFilter(ApplicationFilterChain.java:252)
	at org.apache.catalina.core.ApplicationFilterChain.doFilter(ApplicationFilterChain.java:173)
	at org.apache.catalina.core.StandardWrapperValve.invoke(StandardWrapperValve.java:213)
	at org.apache.catalina.core.StandardContextValve.invoke(StandardContextValve.java:178)
	at org.apache.catalina.authenticator.AuthenticatorBase.invoke(AuthenticatorBase.java:432)
	at org.apache.catalina.core.StandardHostValve.invoke(StandardHostValve.java:126)
	at org.apache.catalina.valves.ErrorReportValve.invoke(ErrorReportValve.java:105)
	at org.apache.catalina.core.StandardEngineValve.invoke(StandardEngineValve.java:107)
	at org.apache.catalina.connector.CoyoteAdapter.service(CoyoteAdapter.java:148)
	at org.apache.coyote.http11.Http11Processor.process(Http11Processor.java:869)
	at org.apache.coyote.http11.Http11BaseProtocol$Http11ConnectionHandler.processConnection(Http11BaseProtocol.java:667)
	at org.apache.tomcat.util.net.PoolTcpEndpoint.processSocket(PoolTcpEndpoint.java:527)
	at org.apache.tomcat.util.net.LeaderFollowerWorkerThread.runIt(LeaderFollowerWorkerThread.java:80)
	at org.apache.tomcat.util.threads.ThreadPool$ControlRunnable.run(ThreadPool.java:684)
	at java.lang.Thread.run(Thread.java:695)
Apr 20, 2015 12:49:02 PM org.apache.catalina.core.StandardWrapperValve invoke
SEVERE: Servlet.service() for servlet jsp threw exception
java.lang.ClassNotFoundException: org.apache.jsp.newcomment_jsp
	at java.net.URLClassLoader$1.run(URLClassLoader.java:202)
	at java.security.AccessController.doPrivileged(Native Method)
	at java.net.URLClassLoader.findClass(URLClassLoader.java:190)
	at org.apache.jasper.servlet.JasperLoader.loadClass(JasperLoader.java:133)
	at org.apache.jasper.servlet.JasperLoader.loadClass(JasperLoader.java:65)
	at org.apache.jasper.JspCompilationContext.load(JspCompilationContext.java:596)
	at org.apache.jasper.servlet.JspServletWrapper.getServlet(JspServletWrapper.java:147)
	at org.apache.jasper.servlet.JspServletWrapper.service(JspServletWrapper.java:315)
	at org.apache.jasper.servlet.JspServlet.serviceJspFile(JspServlet.java:314)
	at org.apache.jasper.servlet.JspServlet.service(JspServlet.java:264)
	at javax.servlet.http.HttpServlet.service(HttpServlet.java:802)
	at org.apache.catalina.core.ApplicationFilterChain.internalDoFilter(ApplicationFilterChain.java:252)
	at org.apache.catalina.core.ApplicationFilterChain.doFilter(ApplicationFilterChain.java:173)
	at org.apache.catalina.core.StandardWrapperValve.invoke(StandardWrapperValve.java:213)
	at org.apache.catalina.core.StandardContextValve.invoke(StandardContextValve.java:178)
	at org.apache.catalina.authenticator.AuthenticatorBase.invoke(AuthenticatorBase.java:432)
	at org.apache.catalina.core.StandardHostValve.invoke(StandardHostValve.java:126)
	at org.apache.catalina.valves.ErrorReportValve.invoke(ErrorReportValve.java:105)
	at org.apache.catalina.core.StandardEngineValve.invoke(StandardEngineValve.java:107)
	at org.apache.catalina.connector.CoyoteAdapter.service(CoyoteAdapter.java:148)
	at org.apache.coyote.http11.Http11Processor.process(Http11Processor.java:869)
	at org.apache.coyote.http11.Http11BaseProtocol$Http11ConnectionHandler.processConnection(Http11BaseProtocol.java:667)
	at org.apache.tomcat.util.net.PoolTcpEndpoint.processSocket(PoolTcpEndpoint.java:527)
	at org.apache.tomcat.util.net.LeaderFollowerWorkerThread.runIt(LeaderFollowerWorkerThread.java:80)
	at org.apache.tomcat.util.threads.ThreadPool$ControlRunnable.run(ThreadPool.java:684)
	at java.lang.Thread.run(Thread.java:695)
Apr 20, 2015 12:49:06 PM org.apache.catalina.core.StandardWrapperValve invoke
SEVERE: Servlet.service() for servlet jsp threw exception
org.apache.jasper.JasperException: Unable to compile class for JSP

Generated servlet error:
The import java.util.Date collides with another import statement

An error occurred at line: 12 in the jsp file: /newcomment.jsp
Generated servlet error:
Type mismatch: cannot convert from String to int

An error occurred at line: 12 in the jsp file: /newcomment.jsp
Generated servlet error:
The constructor Date() is undefined


	at org.apache.jasper.compiler.DefaultErrorHandler.javacError(DefaultErrorHandler.java:84)
	at org.apache.jasper.compiler.ErrorDispatcher.javacError(ErrorDispatcher.java:328)
	at org.apache.jasper.compiler.JDTCompiler.generateClass(JDTCompiler.java:409)
	at org.apache.jasper.compiler.Compiler.compile(Compiler.java:297)
	at org.apache.jasper.compiler.Compiler.compile(Compiler.java:276)
	at org.apache.jasper.compiler.Compiler.compile(Compiler.java:264)
	at org.apache.jasper.JspCompilationContext.compile(JspCompilationContext.java:563)
	at org.apache.jasper.servlet.JspServletWrapper.service(JspServletWrapper.java:303)
	at org.apache.jasper.servlet.JspServlet.serviceJspFile(JspServlet.java:314)
	at org.apache.jasper.servlet.JspServlet.service(JspServlet.java:264)
	at javax.servlet.http.HttpServlet.service(HttpServlet.java:802)
	at org.apache.catalina.core.ApplicationFilterChain.internalDoFilter(ApplicationFilterChain.java:252)
	at org.apache.catalina.core.ApplicationFilterChain.doFilter(ApplicationFilterChain.java:173)
	at org.apache.catalina.core.StandardWrapperValve.invoke(StandardWrapperValve.java:213)
	at org.apache.catalina.core.StandardContextValve.invoke(StandardContextValve.java:178)
	at org.apache.catalina.authenticator.AuthenticatorBase.invoke(AuthenticatorBase.java:432)
	at org.apache.catalina.core.StandardHostValve.invoke(StandardHostValve.java:126)
	at org.apache.catalina.valves.ErrorReportValve.invoke(ErrorReportValve.java:105)
	at org.apache.catalina.core.StandardEngineValve.invoke(StandardEngineValve.java:107)
	at org.apache.catalina.connector.CoyoteAdapter.service(CoyoteAdapter.java:148)
	at org.apache.coyote.http11.Http11Processor.process(Http11Processor.java:869)
	at org.apache.coyote.http11.Http11BaseProtocol$Http11ConnectionHandler.processConnection(Http11BaseProtocol.java:667)
	at org.apache.tomcat.util.net.PoolTcpEndpoint.processSocket(PoolTcpEndpoint.java:527)
	at org.apache.tomcat.util.net.LeaderFollowerWorkerThread.runIt(LeaderFollowerWorkerThread.java:80)
	at org.apache.tomcat.util.threads.ThreadPool$ControlRunnable.run(ThreadPool.java:684)
	at java.lang.Thread.run(Thread.java:695)
Apr 20, 2015 12:50:22 PM org.apache.catalina.core.StandardWrapperValve invoke
SEVERE: Servlet.service() for servlet jsp threw exception
org.apache.jasper.JasperException: Unable to compile class for JSP

Generated servlet error:
The import java.util.Date collides with another import statement

An error occurred at line: 12 in the jsp file: /newcomment.jsp
Generated servlet error:
Type mismatch: cannot convert from String to int

An error occurred at line: 12 in the jsp file: /newcomment.jsp
Generated servlet error:
The constructor Date() is undefined


	at org.apache.jasper.compiler.DefaultErrorHandler.javacError(DefaultErrorHandler.java:84)
	at org.apache.jasper.compiler.ErrorDispatcher.javacError(ErrorDispatcher.java:328)
	at org.apache.jasper.compiler.JDTCompiler.generateClass(JDTCompiler.java:409)
	at org.apache.jasper.compiler.Compiler.compile(Compiler.java:297)
	at org.apache.jasper.compiler.Compiler.compile(Compiler.java:276)
	at org.apache.jasper.compiler.Compiler.compile(Compiler.java:264)
	at org.apache.jasper.JspCompilationContext.compile(JspCompilationContext.java:563)
	at org.apache.jasper.servlet.JspServletWrapper.service(JspServletWrapper.java:303)
	at org.apache.jasper.servlet.JspServlet.serviceJspFile(JspServlet.java:314)
	at org.apache.jasper.servlet.JspServlet.service(JspServlet.java:264)
	at javax.servlet.http.HttpServlet.service(HttpServlet.java:802)
	at org.apache.catalina.core.ApplicationFilterChain.internalDoFilter(ApplicationFilterChain.java:252)
	at org.apache.catalina.core.ApplicationFilterChain.doFilter(ApplicationFilterChain.java:173)
	at org.apache.catalina.core.StandardWrapperValve.invoke(StandardWrapperValve.java:213)
	at org.apache.catalina.core.StandardContextValve.invoke(StandardContextValve.java:178)
	at org.apache.catalina.authenticator.AuthenticatorBase.invoke(AuthenticatorBase.java:432)
	at org.apache.catalina.core.StandardHostValve.invoke(StandardHostValve.java:126)
	at org.apache.catalina.valves.ErrorReportValve.invoke(ErrorReportValve.java:105)
	at org.apache.catalina.core.StandardEngineValve.invoke(StandardEngineValve.java:107)
	at org.apache.catalina.connector.CoyoteAdapter.service(CoyoteAdapter.java:148)
	at org.apache.coyote.http11.Http11Processor.process(Http11Processor.java:869)
	at org.apache.coyote.http11.Http11BaseProtocol$Http11ConnectionHandler.processConnection(Http11BaseProtocol.java:667)
	at org.apache.tomcat.util.net.PoolTcpEndpoint.processSocket(PoolTcpEndpoint.java:527)
	at org.apache.tomcat.util.net.LeaderFollowerWorkerThread.runIt(LeaderFollowerWorkerThread.java:80)
	at org.apache.tomcat.util.threads.ThreadPool$ControlRunnable.run(ThreadPool.java:684)
	at java.lang.Thread.run(Thread.java:695)
Apr 20, 2015 12:52:06 PM org.apache.catalina.core.StandardWrapperValve invoke
SEVERE: Servlet.service() for servlet jsp threw exception
org.apache.jasper.JasperException: Unable to compile class for JSP

Generated servlet error:
The import java.util.Date collides with another import statement

An error occurred at line: 12 in the jsp file: /newcomment.jsp
Generated servlet error:
Type mismatch: cannot convert from String to int

An error occurred at line: 12 in the jsp file: /newcomment.jsp
Generated servlet error:
The constructor Date() is undefined


	at org.apache.jasper.compiler.DefaultErrorHandler.javacError(DefaultErrorHandler.java:84)
	at org.apache.jasper.compiler.ErrorDispatcher.javacError(ErrorDispatcher.java:328)
	at org.apache.jasper.compiler.JDTCompiler.generateClass(JDTCompiler.java:409)
	at org.apache.jasper.compiler.Compiler.compile(Compiler.java:297)
	at org.apache.jasper.compiler.Compiler.compile(Compiler.java:276)
	at org.apache.jasper.compiler.Compiler.compile(Compiler.java:264)
	at org.apache.jasper.JspCompilationContext.compile(JspCompilationContext.java:563)
	at org.apache.jasper.servlet.JspServletWrapper.service(JspServletWrapper.java:303)
	at org.apache.jasper.servlet.JspServlet.serviceJspFile(JspServlet.java:314)
	at org.apache.jasper.servlet.JspServlet.service(JspServlet.java:264)
	at javax.servlet.http.HttpServlet.service(HttpServlet.java:802)
	at org.apache.catalina.core.ApplicationFilterChain.internalDoFilter(ApplicationFilterChain.java:252)
	at org.apache.catalina.core.ApplicationFilterChain.doFilter(ApplicationFilterChain.java:173)
	at org.apache.catalina.core.StandardWrapperValve.invoke(StandardWrapperValve.java:213)
	at org.apache.catalina.core.StandardContextValve.invoke(StandardContextValve.java:178)
	at org.apache.catalina.authenticator.AuthenticatorBase.invoke(AuthenticatorBase.java:432)
	at org.apache.catalina.core.StandardHostValve.invoke(StandardHostValve.java:126)
	at org.apache.catalina.valves.ErrorReportValve.invoke(ErrorReportValve.java:105)
	at org.apache.catalina.core.StandardEngineValve.invoke(StandardEngineValve.java:107)
	at org.apache.catalina.connector.CoyoteAdapter.service(CoyoteAdapter.java:148)
	at org.apache.coyote.http11.Http11Processor.process(Http11Processor.java:869)
	at org.apache.coyote.http11.Http11BaseProtocol$Http11ConnectionHandler.processConnection(Http11BaseProtocol.java:667)
	at org.apache.tomcat.util.net.PoolTcpEndpoint.processSocket(PoolTcpEndpoint.java:527)
	at org.apache.tomcat.util.net.LeaderFollowerWorkerThread.runIt(LeaderFollowerWorkerThread.java:80)
	at org.apache.tomcat.util.threads.ThreadPool$ControlRunnable.run(ThreadPool.java:684)
	at java.lang.Thread.run(Thread.java:695)
Apr 20, 2015 12:52:06 PM org.apache.catalina.core.StandardWrapperValve invoke
SEVERE: Servlet.service() for servlet jsp threw exception
java.lang.ClassNotFoundException: org.apache.jsp.newcomment_jsp
	at java.net.URLClassLoader$1.run(URLClassLoader.java:202)
	at java.security.AccessController.doPrivileged(Native Method)
	at java.net.URLClassLoader.findClass(URLClassLoader.java:190)
	at org.apache.jasper.servlet.JasperLoader.loadClass(JasperLoader.java:133)
	at org.apache.jasper.servlet.JasperLoader.loadClass(JasperLoader.java:65)
	at org.apache.jasper.JspCompilationContext.load(JspCompilationContext.java:596)
	at org.apache.jasper.servlet.JspServletWrapper.getServlet(JspServletWrapper.java:147)
	at org.apache.jasper.servlet.JspServletWrapper.service(JspServletWrapper.java:315)
	at org.apache.jasper.servlet.JspServlet.serviceJspFile(JspServlet.java:314)
	at org.apache.jasper.servlet.JspServlet.service(JspServlet.java:264)
	at javax.servlet.http.HttpServlet.service(HttpServlet.java:802)
	at org.apache.catalina.core.ApplicationFilterChain.internalDoFilter(ApplicationFilterChain.java:252)
	at org.apache.catalina.core.ApplicationFilterChain.doFilter(ApplicationFilterChain.java:173)
	at org.apache.catalina.core.StandardWrapperValve.invoke(StandardWrapperValve.java:213)
	at org.apache.catalina.core.StandardContextValve.invoke(StandardContextValve.java:178)
	at org.apache.catalina.authenticator.AuthenticatorBase.invoke(AuthenticatorBase.java:432)
	at org.apache.catalina.core.StandardHostValve.invoke(StandardHostValve.java:126)
	at org.apache.catalina.valves.ErrorReportValve.invoke(ErrorReportValve.java:105)
	at org.apache.catalina.core.StandardEngineValve.invoke(StandardEngineValve.java:107)
	at org.apache.catalina.connector.CoyoteAdapter.service(CoyoteAdapter.java:148)
	at org.apache.coyote.http11.Http11Processor.process(Http11Processor.java:869)
	at org.apache.coyote.http11.Http11BaseProtocol$Http11ConnectionHandler.processConnection(Http11BaseProtocol.java:667)
	at org.apache.tomcat.util.net.PoolTcpEndpoint.processSocket(PoolTcpEndpoint.java:527)
	at org.apache.tomcat.util.net.LeaderFollowerWorkerThread.runIt(LeaderFollowerWorkerThread.java:80)
	at org.apache.tomcat.util.threads.ThreadPool$ControlRunnable.run(ThreadPool.java:684)
	at java.lang.Thread.run(Thread.java:695)
Apr 20, 2015 12:52:36 PM org.apache.catalina.core.StandardWrapperValve invoke
SEVERE: Servlet.service() for servlet jsp threw exception
org.apache.jasper.JasperException: Unable to compile class for JSP

Generated servlet error:
The import java.util.Date collides with another import statement

An error occurred at line: 12 in the jsp file: /newcomment.jsp
Generated servlet error:
Type mismatch: cannot convert from String to int

An error occurred at line: 12 in the jsp file: /newcomment.jsp
Generated servlet error:
The constructor Date() is undefined


	at org.apache.jasper.compiler.DefaultErrorHandler.javacError(DefaultErrorHandler.java:84)
	at org.apache.jasper.compiler.ErrorDispatcher.javacError(ErrorDispatcher.java:328)
	at org.apache.jasper.compiler.JDTCompiler.generateClass(JDTCompiler.java:409)
	at org.apache.jasper.compiler.Compiler.compile(Compiler.java:297)
	at org.apache.jasper.compiler.Compiler.compile(Compiler.java:276)
	at org.apache.jasper.compiler.Compiler.compile(Compiler.java:264)
	at org.apache.jasper.JspCompilationContext.compile(JspCompilationContext.java:563)
	at org.apache.jasper.servlet.JspServletWrapper.service(JspServletWrapper.java:303)
	at org.apache.jasper.servlet.JspServlet.serviceJspFile(JspServlet.java:314)
	at org.apache.jasper.servlet.JspServlet.service(JspServlet.java:264)
	at javax.servlet.http.HttpServlet.service(HttpServlet.java:802)
	at org.apache.catalina.core.ApplicationFilterChain.internalDoFilter(ApplicationFilterChain.java:252)
	at org.apache.catalina.core.ApplicationFilterChain.doFilter(ApplicationFilterChain.java:173)
	at org.apache.catalina.core.StandardWrapperValve.invoke(StandardWrapperValve.java:213)
	at org.apache.catalina.core.StandardContextValve.invoke(StandardContextValve.java:178)
	at org.apache.catalina.authenticator.AuthenticatorBase.invoke(AuthenticatorBase.java:432)
	at org.apache.catalina.core.StandardHostValve.invoke(StandardHostValve.java:126)
	at org.apache.catalina.valves.ErrorReportValve.invoke(ErrorReportValve.java:105)
	at org.apache.catalina.core.StandardEngineValve.invoke(StandardEngineValve.java:107)
	at org.apache.catalina.connector.CoyoteAdapter.service(CoyoteAdapter.java:148)
	at org.apache.coyote.http11.Http11Processor.process(Http11Processor.java:869)
	at org.apache.coyote.http11.Http11BaseProtocol$Http11ConnectionHandler.processConnection(Http11BaseProtocol.java:667)
	at org.apache.tomcat.util.net.PoolTcpEndpoint.processSocket(PoolTcpEndpoint.java:527)
	at org.apache.tomcat.util.net.LeaderFollowerWorkerThread.runIt(LeaderFollowerWorkerThread.java:80)
	at org.apache.tomcat.util.threads.ThreadPool$ControlRunnable.run(ThreadPool.java:684)
	at java.lang.Thread.run(Thread.java:695)
Apr 20, 2015 12:57:31 PM org.apache.catalina.core.StandardWrapperValve invoke
SEVERE: Servlet.service() for servlet jsp threw exception
org.apache.jasper.JasperException: Unable to compile class for JSP

Generated servlet error:
The import java.util.Date collides with another import statement

An error occurred at line: 12 in the jsp file: /newcomment.jsp
Generated servlet error:
Type mismatch: cannot convert from String to int


	at org.apache.jasper.compiler.DefaultErrorHandler.javacError(DefaultErrorHandler.java:84)
	at org.apache.jasper.compiler.ErrorDispatcher.javacError(ErrorDispatcher.java:328)
	at org.apache.jasper.compiler.JDTCompiler.generateClass(JDTCompiler.java:409)
	at org.apache.jasper.compiler.Compiler.compile(Compiler.java:297)
	at org.apache.jasper.compiler.Compiler.compile(Compiler.java:276)
	at org.apache.jasper.compiler.Compiler.compile(Compiler.java:264)
	at org.apache.jasper.JspCompilationContext.compile(JspCompilationContext.java:563)
	at org.apache.jasper.servlet.JspServletWrapper.service(JspServletWrapper.java:303)
	at org.apache.jasper.servlet.JspServlet.serviceJspFile(JspServlet.java:314)
	at org.apache.jasper.servlet.JspServlet.service(JspServlet.java:264)
	at javax.servlet.http.HttpServlet.service(HttpServlet.java:802)
	at org.apache.catalina.core.ApplicationFilterChain.internalDoFilter(ApplicationFilterChain.java:252)
	at org.apache.catalina.core.ApplicationFilterChain.doFilter(ApplicationFilterChain.java:173)
	at org.apache.catalina.core.StandardWrapperValve.invoke(StandardWrapperValve.java:213)
	at org.apache.catalina.core.StandardContextValve.invoke(StandardContextValve.java:178)
	at org.apache.catalina.authenticator.AuthenticatorBase.invoke(AuthenticatorBase.java:432)
	at org.apache.catalina.core.StandardHostValve.invoke(StandardHostValve.java:126)
	at org.apache.catalina.valves.ErrorReportValve.invoke(ErrorReportValve.java:105)
	at org.apache.catalina.core.StandardEngineValve.invoke(StandardEngineValve.java:107)
	at org.apache.catalina.connector.CoyoteAdapter.service(CoyoteAdapter.java:148)
	at org.apache.coyote.http11.Http11Processor.process(Http11Processor.java:869)
	at org.apache.coyote.http11.Http11BaseProtocol$Http11ConnectionHandler.processConnection(Http11BaseProtocol.java:667)
	at org.apache.tomcat.util.net.PoolTcpEndpoint.processSocket(PoolTcpEndpoint.java:527)
	at org.apache.tomcat.util.net.LeaderFollowerWorkerThread.runIt(LeaderFollowerWorkerThread.java:80)
	at org.apache.tomcat.util.threads.ThreadPool$ControlRunnable.run(ThreadPool.java:684)
	at java.lang.Thread.run(Thread.java:695)
Apr 20, 2015 12:59:11 PM org.apache.catalina.core.StandardWrapperValve invoke
SEVERE: Servlet.service() for servlet jsp threw exception
org.apache.jasper.JasperException: Unable to compile class for JSP

An error occurred at line: 12 in the jsp file: /newcomment.jsp
Generated servlet error:
Type mismatch: cannot convert from String to int


	at org.apache.jasper.compiler.DefaultErrorHandler.javacError(DefaultErrorHandler.java:84)
	at org.apache.jasper.compiler.ErrorDispatcher.javacError(ErrorDispatcher.java:328)
	at org.apache.jasper.compiler.JDTCompiler.generateClass(JDTCompiler.java:409)
	at org.apache.jasper.compiler.Compiler.compile(Compiler.java:297)
	at org.apache.jasper.compiler.Compiler.compile(Compiler.java:276)
	at org.apache.jasper.compiler.Compiler.compile(Compiler.java:264)
	at org.apache.jasper.JspCompilationContext.compile(JspCompilationContext.java:563)
	at org.apache.jasper.servlet.JspServletWrapper.service(JspServletWrapper.java:303)
	at org.apache.jasper.servlet.JspServlet.serviceJspFile(JspServlet.java:314)
	at org.apache.jasper.servlet.JspServlet.service(JspServlet.java:264)
	at javax.servlet.http.HttpServlet.service(HttpServlet.java:802)
	at org.apache.catalina.core.ApplicationFilterChain.internalDoFilter(ApplicationFilterChain.java:252)
	at org.apache.catalina.core.ApplicationFilterChain.doFilter(ApplicationFilterChain.java:173)
	at org.apache.catalina.core.StandardWrapperValve.invoke(StandardWrapperValve.java:213)
	at org.apache.catalina.core.StandardContextValve.invoke(StandardContextValve.java:178)
	at org.apache.catalina.authenticator.AuthenticatorBase.invoke(AuthenticatorBase.java:432)
	at org.apache.catalina.core.StandardHostValve.invoke(StandardHostValve.java:126)
	at org.apache.catalina.valves.ErrorReportValve.invoke(ErrorReportValve.java:105)
	at org.apache.catalina.core.StandardEngineValve.invoke(StandardEngineValve.java:107)
	at org.apache.catalina.connector.CoyoteAdapter.service(CoyoteAdapter.java:148)
	at org.apache.coyote.http11.Http11Processor.process(Http11Processor.java:869)
	at org.apache.coyote.http11.Http11BaseProtocol$Http11ConnectionHandler.processConnection(Http11BaseProtocol.java:667)
	at org.apache.tomcat.util.net.PoolTcpEndpoint.processSocket(PoolTcpEndpoint.java:527)
	at org.apache.tomcat.util.net.LeaderFollowerWorkerThread.runIt(LeaderFollowerWorkerThread.java:80)
	at org.apache.tomcat.util.threads.ThreadPool$ControlRunnable.run(ThreadPool.java:684)
	at java.lang.Thread.run(Thread.java:695)
Apr 20, 2015 1:00:35 PM org.apache.catalina.core.StandardWrapperValve invoke
SEVERE: Servlet.service() for servlet jsp threw exception
org.apache.jasper.JasperException: Unable to compile class for JSP

An error occurred at line: 12 in the jsp file: /newcomment.jsp
Generated servlet error:
Type mismatch: cannot convert from String to int


	at org.apache.jasper.compiler.DefaultErrorHandler.javacError(DefaultErrorHandler.java:84)
	at org.apache.jasper.compiler.ErrorDispatcher.javacError(ErrorDispatcher.java:328)
	at org.apache.jasper.compiler.JDTCompiler.generateClass(JDTCompiler.java:409)
	at org.apache.jasper.compiler.Compiler.compile(Compiler.java:297)
	at org.apache.jasper.compiler.Compiler.compile(Compiler.java:276)
	at org.apache.jasper.compiler.Compiler.compile(Compiler.java:264)
	at org.apache.jasper.JspCompilationContext.compile(JspCompilationContext.java:563)
	at org.apache.jasper.servlet.JspServletWrapper.service(JspServletWrapper.java:303)
	at org.apache.jasper.servlet.JspServlet.serviceJspFile(JspServlet.java:314)
	at org.apache.jasper.servlet.JspServlet.service(JspServlet.java:264)
	at javax.servlet.http.HttpServlet.service(HttpServlet.java:802)
	at org.apache.catalina.core.ApplicationFilterChain.internalDoFilter(ApplicationFilterChain.java:252)
	at org.apache.catalina.core.ApplicationFilterChain.doFilter(ApplicationFilterChain.java:173)
	at org.apache.catalina.core.StandardWrapperValve.invoke(StandardWrapperValve.java:213)
	at org.apache.catalina.core.StandardContextValve.invoke(StandardContextValve.java:178)
	at org.apache.catalina.authenticator.AuthenticatorBase.invoke(AuthenticatorBase.java:432)
	at org.apache.catalina.core.StandardHostValve.invoke(StandardHostValve.java:126)
	at org.apache.catalina.valves.ErrorReportValve.invoke(ErrorReportValve.java:105)
	at org.apache.catalina.core.StandardEngineValve.invoke(StandardEngineValve.java:107)
	at org.apache.catalina.connector.CoyoteAdapter.service(CoyoteAdapter.java:148)
	at org.apache.coyote.http11.Http11Processor.process(Http11Processor.java:869)
	at org.apache.coyote.http11.Http11BaseProtocol$Http11ConnectionHandler.processConnection(Http11BaseProtocol.java:667)
	at org.apache.tomcat.util.net.PoolTcpEndpoint.processSocket(PoolTcpEndpoint.java:527)
	at org.apache.tomcat.util.net.LeaderFollowerWorkerThread.runIt(LeaderFollowerWorkerThread.java:80)
	at org.apache.tomcat.util.threads.ThreadPool$ControlRunnable.run(ThreadPool.java:684)
	at java.lang.Thread.run(Thread.java:695)
Apr 20, 2015 1:15:19 PM org.apache.catalina.core.StandardWrapperValve invoke
SEVERE: Servlet.service() for servlet jsp threw exception
org.apache.jasper.JasperException: Unable to compile class for JSP

An error occurred at line: 12 in the jsp file: /newcomment.jsp
Generated servlet error:
Type mismatch: cannot convert from String to int


	at org.apache.jasper.compiler.DefaultErrorHandler.javacError(DefaultErrorHandler.java:84)
	at org.apache.jasper.compiler.ErrorDispatcher.javacError(ErrorDispatcher.java:328)
	at org.apache.jasper.compiler.JDTCompiler.generateClass(JDTCompiler.java:409)
	at org.apache.jasper.compiler.Compiler.compile(Compiler.java:297)
	at org.apache.jasper.compiler.Compiler.compile(Compiler.java:276)
	at org.apache.jasper.compiler.Compiler.compile(Compiler.java:264)
	at org.apache.jasper.JspCompilationContext.compile(JspCompilationContext.java:563)
	at org.apache.jasper.servlet.JspServletWrapper.service(JspServletWrapper.java:303)
	at org.apache.jasper.servlet.JspServlet.serviceJspFile(JspServlet.java:314)
	at org.apache.jasper.servlet.JspServlet.service(JspServlet.java:264)
	at javax.servlet.http.HttpServlet.service(HttpServlet.java:802)
	at org.apache.catalina.core.ApplicationFilterChain.internalDoFilter(ApplicationFilterChain.java:252)
	at org.apache.catalina.core.ApplicationFilterChain.doFilter(ApplicationFilterChain.java:173)
	at org.apache.catalina.core.StandardWrapperValve.invoke(StandardWrapperValve.java:213)
	at org.apache.catalina.core.StandardContextValve.invoke(StandardContextValve.java:178)
	at org.apache.catalina.authenticator.AuthenticatorBase.invoke(AuthenticatorBase.java:432)
	at org.apache.catalina.core.StandardHostValve.invoke(StandardHostValve.java:126)
	at org.apache.catalina.valves.ErrorReportValve.invoke(ErrorReportValve.java:105)
	at org.apache.catalina.core.StandardEngineValve.invoke(StandardEngineValve.java:107)
	at org.apache.catalina.connector.CoyoteAdapter.service(CoyoteAdapter.java:148)
	at org.apache.coyote.http11.Http11Processor.process(Http11Processor.java:869)
	at org.apache.coyote.http11.Http11BaseProtocol$Http11ConnectionHandler.processConnection(Http11BaseProtocol.java:667)
	at org.apache.tomcat.util.net.PoolTcpEndpoint.processSocket(PoolTcpEndpoint.java:527)
	at org.apache.tomcat.util.net.LeaderFollowerWorkerThread.runIt(LeaderFollowerWorkerThread.java:80)
	at org.apache.tomcat.util.threads.ThreadPool$ControlRunnable.run(ThreadPool.java:684)
	at java.lang.Thread.run(Thread.java:695)
Apr 20, 2015 1:15:46 PM org.apache.catalina.core.StandardWrapperValve invoke
SEVERE: Servlet.service() for servlet jsp threw exception
org.apache.jasper.JasperException: Unable to compile class for JSP

An error occurred at line: 12 in the jsp file: /newcomment.jsp
Generated servlet error:
Type mismatch: cannot convert from String to int


	at org.apache.jasper.compiler.DefaultErrorHandler.javacError(DefaultErrorHandler.java:84)
	at org.apache.jasper.compiler.ErrorDispatcher.javacError(ErrorDispatcher.java:328)
	at org.apache.jasper.compiler.JDTCompiler.generateClass(JDTCompiler.java:409)
	at org.apache.jasper.compiler.Compiler.compile(Compiler.java:297)
	at org.apache.jasper.compiler.Compiler.compile(Compiler.java:276)
	at org.apache.jasper.compiler.Compiler.compile(Compiler.java:264)
	at org.apache.jasper.JspCompilationContext.compile(JspCompilationContext.java:563)
	at org.apache.jasper.servlet.JspServletWrapper.service(JspServletWrapper.java:303)
	at org.apache.jasper.servlet.JspServlet.serviceJspFile(JspServlet.java:314)
	at org.apache.jasper.servlet.JspServlet.service(JspServlet.java:264)
	at javax.servlet.http.HttpServlet.service(HttpServlet.java:802)
	at org.apache.catalina.core.ApplicationFilterChain.internalDoFilter(ApplicationFilterChain.java:252)
	at org.apache.catalina.core.ApplicationFilterChain.doFilter(ApplicationFilterChain.java:173)
	at org.apache.catalina.core.StandardWrapperValve.invoke(StandardWrapperValve.java:213)
	at org.apache.catalina.core.StandardContextValve.invoke(StandardContextValve.java:178)
	at org.apache.catalina.authenticator.AuthenticatorBase.invoke(AuthenticatorBase.java:432)
	at org.apache.catalina.core.StandardHostValve.invoke(StandardHostValve.java:126)
	at org.apache.catalina.valves.ErrorReportValve.invoke(ErrorReportValve.java:105)
	at org.apache.catalina.core.StandardEngineValve.invoke(StandardEngineValve.java:107)
	at org.apache.catalina.connector.CoyoteAdapter.service(CoyoteAdapter.java:148)
	at org.apache.coyote.http11.Http11Processor.process(Http11Processor.java:869)
	at org.apache.coyote.http11.Http11BaseProtocol$Http11ConnectionHandler.processConnection(Http11BaseProtocol.java:667)
	at org.apache.tomcat.util.net.PoolTcpEndpoint.processSocket(PoolTcpEndpoint.java:527)
	at org.apache.tomcat.util.net.LeaderFollowerWorkerThread.runIt(LeaderFollowerWorkerThread.java:80)
	at org.apache.tomcat.util.threads.ThreadPool$ControlRunnable.run(ThreadPool.java:684)
	at java.lang.Thread.run(Thread.java:695)
Apr 20, 2015 1:17:22 PM org.apache.catalina.core.StandardWrapperValve invoke
SEVERE: Servlet.service() for servlet jsp threw exception
org.apache.jasper.JasperException: Unable to compile class for JSP

An error occurred at line: 12 in the jsp file: /newcomment.jsp
Generated servlet error:
Type mismatch: cannot convert from String to int


	at org.apache.jasper.compiler.DefaultErrorHandler.javacError(DefaultErrorHandler.java:84)
	at org.apache.jasper.compiler.ErrorDispatcher.javacError(ErrorDispatcher.java:328)
	at org.apache.jasper.compiler.JDTCompiler.generateClass(JDTCompiler.java:409)
	at org.apache.jasper.compiler.Compiler.compile(Compiler.java:297)
	at org.apache.jasper.compiler.Compiler.compile(Compiler.java:276)
	at org.apache.jasper.compiler.Compiler.compile(Compiler.java:264)
	at org.apache.jasper.JspCompilationContext.compile(JspCompilationContext.java:563)
	at org.apache.jasper.servlet.JspServletWrapper.service(JspServletWrapper.java:303)
	at org.apache.jasper.servlet.JspServlet.serviceJspFile(JspServlet.java:314)
	at org.apache.jasper.servlet.JspServlet.service(JspServlet.java:264)
	at javax.servlet.http.HttpServlet.service(HttpServlet.java:802)
	at org.apache.catalina.core.ApplicationFilterChain.internalDoFilter(ApplicationFilterChain.java:252)
	at org.apache.catalina.core.ApplicationFilterChain.doFilter(ApplicationFilterChain.java:173)
	at org.apache.catalina.core.StandardWrapperValve.invoke(StandardWrapperValve.java:213)
	at org.apache.catalina.core.StandardContextValve.invoke(StandardContextValve.java:178)
	at org.apache.catalina.authenticator.AuthenticatorBase.invoke(AuthenticatorBase.java:432)
	at org.apache.catalina.core.StandardHostValve.invoke(StandardHostValve.java:126)
	at org.apache.catalina.valves.ErrorReportValve.invoke(ErrorReportValve.java:105)
	at org.apache.catalina.core.StandardEngineValve.invoke(StandardEngineValve.java:107)
	at org.apache.catalina.connector.CoyoteAdapter.service(CoyoteAdapter.java:148)
	at org.apache.coyote.http11.Http11Processor.process(Http11Processor.java:869)
	at org.apache.coyote.http11.Http11BaseProtocol$Http11ConnectionHandler.processConnection(Http11BaseProtocol.java:667)
	at org.apache.tomcat.util.net.PoolTcpEndpoint.processSocket(PoolTcpEndpoint.java:527)
	at org.apache.tomcat.util.net.LeaderFollowerWorkerThread.runIt(LeaderFollowerWorkerThread.java:80)
	at org.apache.tomcat.util.threads.ThreadPool$ControlRunnable.run(ThreadPool.java:684)
	at java.lang.Thread.run(Thread.java:695)
Apr 20, 2015 1:23:34 PM org.apache.catalina.core.StandardWrapperValve invoke
SEVERE: Servlet.service() for servlet jsp threw exception
org.apache.jasper.JasperException: Unable to compile class for JSP

An error occurred at line: 12 in the jsp file: /newcomment.jsp
Generated servlet error:
Type mismatch: cannot convert from String to int


	at org.apache.jasper.compiler.DefaultErrorHandler.javacError(DefaultErrorHandler.java:84)
	at org.apache.jasper.compiler.ErrorDispatcher.javacError(ErrorDispatcher.java:328)
	at org.apache.jasper.compiler.JDTCompiler.generateClass(JDTCompiler.java:409)
	at org.apache.jasper.compiler.Compiler.compile(Compiler.java:297)
	at org.apache.jasper.compiler.Compiler.compile(Compiler.java:276)
	at org.apache.jasper.compiler.Compiler.compile(Compiler.java:264)
	at org.apache.jasper.JspCompilationContext.compile(JspCompilationContext.java:563)
	at org.apache.jasper.servlet.JspServletWrapper.service(JspServletWrapper.java:303)
	at org.apache.jasper.servlet.JspServlet.serviceJspFile(JspServlet.java:314)
	at org.apache.jasper.servlet.JspServlet.service(JspServlet.java:264)
	at javax.servlet.http.HttpServlet.service(HttpServlet.java:802)
	at org.apache.catalina.core.ApplicationFilterChain.internalDoFilter(ApplicationFilterChain.java:252)
	at org.apache.catalina.core.ApplicationFilterChain.doFilter(ApplicationFilterChain.java:173)
	at org.apache.catalina.core.StandardWrapperValve.invoke(StandardWrapperValve.java:213)
	at org.apache.catalina.core.StandardContextValve.invoke(StandardContextValve.java:178)
	at org.apache.catalina.authenticator.AuthenticatorBase.invoke(AuthenticatorBase.java:432)
	at org.apache.catalina.core.StandardHostValve.invoke(StandardHostValve.java:126)
	at org.apache.catalina.valves.ErrorReportValve.invoke(ErrorReportValve.java:105)
	at org.apache.catalina.core.StandardEngineValve.invoke(StandardEngineValve.java:107)
	at org.apache.catalina.connector.CoyoteAdapter.service(CoyoteAdapter.java:148)
	at org.apache.coyote.http11.Http11Processor.process(Http11Processor.java:869)
	at org.apache.coyote.http11.Http11BaseProtocol$Http11ConnectionHandler.processConnection(Http11BaseProtocol.java:667)
	at org.apache.tomcat.util.net.PoolTcpEndpoint.processSocket(PoolTcpEndpoint.java:527)
	at org.apache.tomcat.util.net.LeaderFollowerWorkerThread.runIt(LeaderFollowerWorkerThread.java:80)
	at org.apache.tomcat.util.threads.ThreadPool$ControlRunnable.run(ThreadPool.java:684)
	at java.lang.Thread.run(Thread.java:695)
Apr 20, 2015 3:16:59 PM org.apache.catalina.core.StandardWrapperValve invoke
SEVERE: Servlet.service() for servlet jsp threw exception
org.apache.jasper.JasperException: Unable to compile class for JSP

An error occurred at line: 12 in the jsp file: /newcomment.jsp
Generated servlet error:
Type mismatch: cannot convert from String to int


	at org.apache.jasper.compiler.DefaultErrorHandler.javacError(DefaultErrorHandler.java:84)
	at org.apache.jasper.compiler.ErrorDispatcher.javacError(ErrorDispatcher.java:328)
	at org.apache.jasper.compiler.JDTCompiler.generateClass(JDTCompiler.java:409)
	at org.apache.jasper.compiler.Compiler.compile(Compiler.java:297)
	at org.apache.jasper.compiler.Compiler.compile(Compiler.java:276)
	at org.apache.jasper.compiler.Compiler.compile(Compiler.java:264)
	at org.apache.jasper.JspCompilationContext.compile(JspCompilationContext.java:563)
	at org.apache.jasper.servlet.JspServletWrapper.service(JspServletWrapper.java:303)
	at org.apache.jasper.servlet.JspServlet.serviceJspFile(JspServlet.java:314)
	at org.apache.jasper.servlet.JspServlet.service(JspServlet.java:264)
	at javax.servlet.http.HttpServlet.service(HttpServlet.java:802)
	at org.apache.catalina.core.ApplicationFilterChain.internalDoFilter(ApplicationFilterChain.java:252)
	at org.apache.catalina.core.ApplicationFilterChain.doFilter(ApplicationFilterChain.java:173)
	at org.apache.catalina.core.StandardWrapperValve.invoke(StandardWrapperValve.java:213)
	at org.apache.catalina.core.StandardContextValve.invoke(StandardContextValve.java:178)
	at org.apache.catalina.authenticator.AuthenticatorBase.invoke(AuthenticatorBase.java:432)
	at org.apache.catalina.core.StandardHostValve.invoke(StandardHostValve.java:126)
	at org.apache.catalina.valves.ErrorReportValve.invoke(ErrorReportValve.java:105)
	at org.apache.catalina.core.StandardEngineValve.invoke(StandardEngineValve.java:107)
	at org.apache.catalina.connector.CoyoteAdapter.service(CoyoteAdapter.java:148)
	at org.apache.coyote.http11.Http11Processor.process(Http11Processor.java:869)
	at org.apache.coyote.http11.Http11BaseProtocol$Http11ConnectionHandler.processConnection(Http11BaseProtocol.java:667)
	at org.apache.tomcat.util.net.PoolTcpEndpoint.processSocket(PoolTcpEndpoint.java:527)
	at org.apache.tomcat.util.net.LeaderFollowerWorkerThread.runIt(LeaderFollowerWorkerThread.java:80)
	at org.apache.tomcat.util.threads.ThreadPool$ControlRunnable.run(ThreadPool.java:684)
	at java.lang.Thread.run(Thread.java:695)
Apr 20, 2015 3:17:48 PM org.apache.catalina.core.StandardWrapperValve invoke
SEVERE: Servlet.service() for servlet jsp threw exception
org.apache.jasper.JasperException: Unable to compile class for JSP

An error occurred at line: 76 in the jsp file: /browsealbums.jsp
Generated servlet error:
Syntax error on token ".", ; expected


	at org.apache.jasper.compiler.DefaultErrorHandler.javacError(DefaultErrorHandler.java:84)
	at org.apache.jasper.compiler.ErrorDispatcher.javacError(ErrorDispatcher.java:328)
	at org.apache.jasper.compiler.JDTCompiler.generateClass(JDTCompiler.java:409)
	at org.apache.jasper.compiler.Compiler.compile(Compiler.java:297)
	at org.apache.jasper.compiler.Compiler.compile(Compiler.java:276)
	at org.apache.jasper.compiler.Compiler.compile(Compiler.java:264)
	at org.apache.jasper.JspCompilationContext.compile(JspCompilationContext.java:563)
	at org.apache.jasper.servlet.JspServletWrapper.service(JspServletWrapper.java:303)
	at org.apache.jasper.servlet.JspServlet.serviceJspFile(JspServlet.java:314)
	at org.apache.jasper.servlet.JspServlet.service(JspServlet.java:264)
	at javax.servlet.http.HttpServlet.service(HttpServlet.java:802)
	at org.apache.catalina.core.ApplicationFilterChain.internalDoFilter(ApplicationFilterChain.java:252)
	at org.apache.catalina.core.ApplicationFilterChain.doFilter(ApplicationFilterChain.java:173)
	at org.apache.catalina.core.StandardWrapperValve.invoke(StandardWrapperValve.java:213)
	at org.apache.catalina.core.StandardContextValve.invoke(StandardContextValve.java:178)
	at org.apache.catalina.authenticator.AuthenticatorBase.invoke(AuthenticatorBase.java:432)
	at org.apache.catalina.core.StandardHostValve.invoke(StandardHostValve.java:126)
	at org.apache.catalina.valves.ErrorReportValve.invoke(ErrorReportValve.java:105)
	at org.apache.catalina.core.StandardEngineValve.invoke(StandardEngineValve.java:107)
	at org.apache.catalina.connector.CoyoteAdapter.service(CoyoteAdapter.java:148)
	at org.apache.coyote.http11.Http11Processor.process(Http11Processor.java:869)
	at org.apache.coyote.http11.Http11BaseProtocol$Http11ConnectionHandler.processConnection(Http11BaseProtocol.java:667)
	at org.apache.tomcat.util.net.PoolTcpEndpoint.processSocket(PoolTcpEndpoint.java:527)
	at org.apache.tomcat.util.net.LeaderFollowerWorkerThread.runIt(LeaderFollowerWorkerThread.java:80)
	at org.apache.tomcat.util.threads.ThreadPool$ControlRunnable.run(ThreadPool.java:684)
	at java.lang.Thread.run(Thread.java:695)
Apr 20, 2015 3:19:25 PM org.apache.catalina.core.StandardWrapperValve invoke
SEVERE: Servlet.service() for servlet jsp threw exception
org.apache.jasper.JasperException: Unable to compile class for JSP

An error occurred at line: 76 in the jsp file: /browsealbums.jsp
Generated servlet error:
Syntax error on token ".", ; expected


	at org.apache.jasper.compiler.DefaultErrorHandler.javacError(DefaultErrorHandler.java:84)
	at org.apache.jasper.compiler.ErrorDispatcher.javacError(ErrorDispatcher.java:328)
	at org.apache.jasper.compiler.JDTCompiler.generateClass(JDTCompiler.java:409)
	at org.apache.jasper.compiler.Compiler.compile(Compiler.java:297)
	at org.apache.jasper.compiler.Compiler.compile(Compiler.java:276)
	at org.apache.jasper.compiler.Compiler.compile(Compiler.java:264)
	at org.apache.jasper.JspCompilationContext.compile(JspCompilationContext.java:563)
	at org.apache.jasper.servlet.JspServletWrapper.service(JspServletWrapper.java:303)
	at org.apache.jasper.servlet.JspServlet.serviceJspFile(JspServlet.java:314)
	at org.apache.jasper.servlet.JspServlet.service(JspServlet.java:264)
	at javax.servlet.http.HttpServlet.service(HttpServlet.java:802)
	at org.apache.catalina.core.ApplicationFilterChain.internalDoFilter(ApplicationFilterChain.java:252)
	at org.apache.catalina.core.ApplicationFilterChain.doFilter(ApplicationFilterChain.java:173)
	at org.apache.catalina.core.StandardWrapperValve.invoke(StandardWrapperValve.java:213)
	at org.apache.catalina.core.StandardContextValve.invoke(StandardContextValve.java:178)
	at org.apache.catalina.authenticator.AuthenticatorBase.invoke(AuthenticatorBase.java:432)
	at org.apache.catalina.core.StandardHostValve.invoke(StandardHostValve.java:126)
	at org.apache.catalina.valves.ErrorReportValve.invoke(ErrorReportValve.java:105)
	at org.apache.catalina.core.StandardEngineValve.invoke(StandardEngineValve.java:107)
	at org.apache.catalina.connector.CoyoteAdapter.service(CoyoteAdapter.java:148)
	at org.apache.coyote.http11.Http11Processor.process(Http11Processor.java:869)
	at org.apache.coyote.http11.Http11BaseProtocol$Http11ConnectionHandler.processConnection(Http11BaseProtocol.java:667)
	at org.apache.tomcat.util.net.PoolTcpEndpoint.processSocket(PoolTcpEndpoint.java:527)
	at org.apache.tomcat.util.net.LeaderFollowerWorkerThread.runIt(LeaderFollowerWorkerThread.java:80)
	at org.apache.tomcat.util.threads.ThreadPool$ControlRunnable.run(ThreadPool.java:684)
	at java.lang.Thread.run(Thread.java:695)
Apr 20, 2015 3:19:27 PM org.apache.catalina.core.StandardWrapperValve invoke
SEVERE: Servlet.service() for servlet jsp threw exception
java.lang.ClassNotFoundException: org.apache.jsp.browsealbums_jsp
	at java.net.URLClassLoader$1.run(URLClassLoader.java:202)
	at java.security.AccessController.doPrivileged(Native Method)
	at java.net.URLClassLoader.findClass(URLClassLoader.java:190)
	at org.apache.jasper.servlet.JasperLoader.loadClass(JasperLoader.java:133)
	at org.apache.jasper.servlet.JasperLoader.loadClass(JasperLoader.java:65)
	at org.apache.jasper.JspCompilationContext.load(JspCompilationContext.java:596)
	at org.apache.jasper.servlet.JspServletWrapper.getServlet(JspServletWrapper.java:147)
	at org.apache.jasper.servlet.JspServletWrapper.service(JspServletWrapper.java:315)
	at org.apache.jasper.servlet.JspServlet.serviceJspFile(JspServlet.java:314)
	at org.apache.jasper.servlet.JspServlet.service(JspServlet.java:264)
	at javax.servlet.http.HttpServlet.service(HttpServlet.java:802)
	at org.apache.catalina.core.ApplicationFilterChain.internalDoFilter(ApplicationFilterChain.java:252)
	at org.apache.catalina.core.ApplicationFilterChain.doFilter(ApplicationFilterChain.java:173)
	at org.apache.catalina.core.StandardWrapperValve.invoke(StandardWrapperValve.java:213)
	at org.apache.catalina.core.StandardContextValve.invoke(StandardContextValve.java:178)
	at org.apache.catalina.authenticator.AuthenticatorBase.invoke(AuthenticatorBase.java:432)
	at org.apache.catalina.core.StandardHostValve.invoke(StandardHostValve.java:126)
	at org.apache.catalina.valves.ErrorReportValve.invoke(ErrorReportValve.java:105)
	at org.apache.catalina.core.StandardEngineValve.invoke(StandardEngineValve.java:107)
	at org.apache.catalina.connector.CoyoteAdapter.service(CoyoteAdapter.java:148)
	at org.apache.coyote.http11.Http11Processor.process(Http11Processor.java:869)
	at org.apache.coyote.http11.Http11BaseProtocol$Http11ConnectionHandler.processConnection(Http11BaseProtocol.java:667)
	at org.apache.tomcat.util.net.PoolTcpEndpoint.processSocket(PoolTcpEndpoint.java:527)
	at org.apache.tomcat.util.net.LeaderFollowerWorkerThread.runIt(LeaderFollowerWorkerThread.java:80)
	at org.apache.tomcat.util.threads.ThreadPool$ControlRunnable.run(ThreadPool.java:684)
	at java.lang.Thread.run(Thread.java:695)
Apr 20, 2015 3:19:27 PM org.apache.catalina.core.StandardWrapperValve invoke
SEVERE: Servlet.service() for servlet jsp threw exception
java.lang.ClassNotFoundException: org.apache.jsp.browsealbums_jsp
	at java.net.URLClassLoader$1.run(URLClassLoader.java:202)
	at java.security.AccessController.doPrivileged(Native Method)
	at java.net.URLClassLoader.findClass(URLClassLoader.java:190)
	at org.apache.jasper.servlet.JasperLoader.loadClass(JasperLoader.java:133)
	at org.apache.jasper.servlet.JasperLoader.loadClass(JasperLoader.java:65)
	at org.apache.jasper.JspCompilationContext.load(JspCompilationContext.java:596)
	at org.apache.jasper.servlet.JspServletWrapper.getServlet(JspServletWrapper.java:147)
	at org.apache.jasper.servlet.JspServletWrapper.service(JspServletWrapper.java:315)
	at org.apache.jasper.servlet.JspServlet.serviceJspFile(JspServlet.java:314)
	at org.apache.jasper.servlet.JspServlet.service(JspServlet.java:264)
	at javax.servlet.http.HttpServlet.service(HttpServlet.java:802)
	at org.apache.catalina.core.ApplicationFilterChain.internalDoFilter(ApplicationFilterChain.java:252)
	at org.apache.catalina.core.ApplicationFilterChain.doFilter(ApplicationFilterChain.java:173)
	at org.apache.catalina.core.StandardWrapperValve.invoke(StandardWrapperValve.java:213)
	at org.apache.catalina.core.StandardContextValve.invoke(StandardContextValve.java:178)
	at org.apache.catalina.authenticator.AuthenticatorBase.invoke(AuthenticatorBase.java:432)
	at org.apache.catalina.core.StandardHostValve.invoke(StandardHostValve.java:126)
	at org.apache.catalina.valves.ErrorReportValve.invoke(ErrorReportValve.java:105)
	at org.apache.catalina.core.StandardEngineValve.invoke(StandardEngineValve.java:107)
	at org.apache.catalina.connector.CoyoteAdapter.service(CoyoteAdapter.java:148)
	at org.apache.coyote.http11.Http11Processor.process(Http11Processor.java:869)
	at org.apache.coyote.http11.Http11BaseProtocol$Http11ConnectionHandler.processConnection(Http11BaseProtocol.java:667)
	at org.apache.tomcat.util.net.PoolTcpEndpoint.processSocket(PoolTcpEndpoint.java:527)
	at org.apache.tomcat.util.net.LeaderFollowerWorkerThread.runIt(LeaderFollowerWorkerThread.java:80)
	at org.apache.tomcat.util.threads.ThreadPool$ControlRunnable.run(ThreadPool.java:684)
	at java.lang.Thread.run(Thread.java:695)
Apr 20, 2015 3:19:28 PM org.apache.catalina.core.StandardWrapperValve invoke
SEVERE: Servlet.service() for servlet jsp threw exception
java.lang.ClassNotFoundException: org.apache.jsp.browsealbums_jsp
	at java.net.URLClassLoader$1.run(URLClassLoader.java:202)
	at java.security.AccessController.doPrivileged(Native Method)
	at java.net.URLClassLoader.findClass(URLClassLoader.java:190)
	at org.apache.jasper.servlet.JasperLoader.loadClass(JasperLoader.java:133)
	at org.apache.jasper.servlet.JasperLoader.loadClass(JasperLoader.java:65)
	at org.apache.jasper.JspCompilationContext.load(JspCompilationContext.java:596)
	at org.apache.jasper.servlet.JspServletWrapper.getServlet(JspServletWrapper.java:147)
	at org.apache.jasper.servlet.JspServletWrapper.service(JspServletWrapper.java:315)
	at org.apache.jasper.servlet.JspServlet.serviceJspFile(JspServlet.java:314)
	at org.apache.jasper.servlet.JspServlet.service(JspServlet.java:264)
	at javax.servlet.http.HttpServlet.service(HttpServlet.java:802)
	at org.apache.catalina.core.ApplicationFilterChain.internalDoFilter(ApplicationFilterChain.java:252)
	at org.apache.catalina.core.ApplicationFilterChain.doFilter(ApplicationFilterChain.java:173)
	at org.apache.catalina.core.StandardWrapperValve.invoke(StandardWrapperValve.java:213)
	at org.apache.catalina.core.StandardContextValve.invoke(StandardContextValve.java:178)
	at org.apache.catalina.authenticator.AuthenticatorBase.invoke(AuthenticatorBase.java:432)
	at org.apache.catalina.core.StandardHostValve.invoke(StandardHostValve.java:126)
	at org.apache.catalina.valves.ErrorReportValve.invoke(ErrorReportValve.java:105)
	at org.apache.catalina.core.StandardEngineValve.invoke(StandardEngineValve.java:107)
	at org.apache.catalina.connector.CoyoteAdapter.service(CoyoteAdapter.java:148)
	at org.apache.coyote.http11.Http11Processor.process(Http11Processor.java:869)
	at org.apache.coyote.http11.Http11BaseProtocol$Http11ConnectionHandler.processConnection(Http11BaseProtocol.java:667)
	at org.apache.tomcat.util.net.PoolTcpEndpoint.processSocket(PoolTcpEndpoint.java:527)
	at org.apache.tomcat.util.net.LeaderFollowerWorkerThread.runIt(LeaderFollowerWorkerThread.java:80)
	at org.apache.tomcat.util.threads.ThreadPool$ControlRunnable.run(ThreadPool.java:684)
	at java.lang.Thread.run(Thread.java:695)
Apr 20, 2015 3:19:37 PM org.apache.catalina.core.StandardWrapperValve invoke
SEVERE: Servlet.service() for servlet jsp threw exception
org.apache.jasper.JasperException: Unable to compile class for JSP

An error occurred at line: 12 in the jsp file: /newcomment.jsp
Generated servlet error:
Type mismatch: cannot convert from String to int


	at org.apache.jasper.compiler.DefaultErrorHandler.javacError(DefaultErrorHandler.java:84)
	at org.apache.jasper.compiler.ErrorDispatcher.javacError(ErrorDispatcher.java:328)
	at org.apache.jasper.compiler.JDTCompiler.generateClass(JDTCompiler.java:409)
	at org.apache.jasper.compiler.Compiler.compile(Compiler.java:297)
	at org.apache.jasper.compiler.Compiler.compile(Compiler.java:276)
	at org.apache.jasper.compiler.Compiler.compile(Compiler.java:264)
	at org.apache.jasper.JspCompilationContext.compile(JspCompilationContext.java:563)
	at org.apache.jasper.servlet.JspServletWrapper.service(JspServletWrapper.java:303)
	at org.apache.jasper.servlet.JspServlet.serviceJspFile(JspServlet.java:314)
	at org.apache.jasper.servlet.JspServlet.service(JspServlet.java:264)
	at javax.servlet.http.HttpServlet.service(HttpServlet.java:802)
	at org.apache.catalina.core.ApplicationFilterChain.internalDoFilter(ApplicationFilterChain.java:252)
	at org.apache.catalina.core.ApplicationFilterChain.doFilter(ApplicationFilterChain.java:173)
	at org.apache.catalina.core.StandardWrapperValve.invoke(StandardWrapperValve.java:213)
	at org.apache.catalina.core.StandardContextValve.invoke(StandardContextValve.java:178)
	at org.apache.catalina.authenticator.AuthenticatorBase.invoke(AuthenticatorBase.java:432)
	at org.apache.catalina.core.StandardHostValve.invoke(StandardHostValve.java:126)
	at org.apache.catalina.valves.ErrorReportValve.invoke(ErrorReportValve.java:105)
	at org.apache.catalina.core.StandardEngineValve.invoke(StandardEngineValve.java:107)
	at org.apache.catalina.connector.CoyoteAdapter.service(CoyoteAdapter.java:148)
	at org.apache.coyote.http11.Http11Processor.process(Http11Processor.java:869)
	at org.apache.coyote.http11.Http11BaseProtocol$Http11ConnectionHandler.processConnection(Http11BaseProtocol.java:667)
	at org.apache.tomcat.util.net.PoolTcpEndpoint.processSocket(PoolTcpEndpoint.java:527)
	at org.apache.tomcat.util.net.LeaderFollowerWorkerThread.runIt(LeaderFollowerWorkerThread.java:80)
	at org.apache.tomcat.util.threads.ThreadPool$ControlRunnable.run(ThreadPool.java:684)
	at java.lang.Thread.run(Thread.java:695)
Apr 20, 2015 3:21:05 PM org.apache.catalina.core.StandardWrapperValve invoke
SEVERE: Servlet.service() for servlet jsp threw exception
java.lang.NullPointerException
	at org.apache.jsp.newcomment_jsp._jspService(org.apache.jsp.newcomment_jsp:60)
	at org.apache.jasper.runtime.HttpJspBase.service(HttpJspBase.java:97)
	at javax.servlet.http.HttpServlet.service(HttpServlet.java:802)
	at org.apache.jasper.servlet.JspServletWrapper.service(JspServletWrapper.java:332)
	at org.apache.jasper.servlet.JspServlet.serviceJspFile(JspServlet.java:314)
	at org.apache.jasper.servlet.JspServlet.service(JspServlet.java:264)
	at javax.servlet.http.HttpServlet.service(HttpServlet.java:802)
	at org.apache.catalina.core.ApplicationFilterChain.internalDoFilter(ApplicationFilterChain.java:252)
	at org.apache.catalina.core.ApplicationFilterChain.doFilter(ApplicationFilterChain.java:173)
	at org.apache.catalina.core.StandardWrapperValve.invoke(StandardWrapperValve.java:213)
	at org.apache.catalina.core.StandardContextValve.invoke(StandardContextValve.java:178)
	at org.apache.catalina.authenticator.AuthenticatorBase.invoke(AuthenticatorBase.java:432)
	at org.apache.catalina.core.StandardHostValve.invoke(StandardHostValve.java:126)
	at org.apache.catalina.valves.ErrorReportValve.invoke(ErrorReportValve.java:105)
	at org.apache.catalina.core.StandardEngineValve.invoke(StandardEngineValve.java:107)
	at org.apache.catalina.connector.CoyoteAdapter.service(CoyoteAdapter.java:148)
	at org.apache.coyote.http11.Http11Processor.process(Http11Processor.java:869)
	at org.apache.coyote.http11.Http11BaseProtocol$Http11ConnectionHandler.processConnection(Http11BaseProtocol.java:667)
	at org.apache.tomcat.util.net.PoolTcpEndpoint.processSocket(PoolTcpEndpoint.java:527)
	at org.apache.tomcat.util.net.LeaderFollowerWorkerThread.runIt(LeaderFollowerWorkerThread.java:80)
	at org.apache.tomcat.util.threads.ThreadPool$ControlRunnable.run(ThreadPool.java:684)
	at java.lang.Thread.run(Thread.java:695)
Apr 20, 2015 3:24:09 PM org.apache.catalina.core.StandardWrapperValve invoke
SEVERE: Servlet.service() for servlet jsp threw exception
java.lang.NullPointerException
	at org.apache.jsp.newcomment_jsp._jspService(org.apache.jsp.newcomment_jsp:63)
	at org.apache.jasper.runtime.HttpJspBase.service(HttpJspBase.java:97)
	at javax.servlet.http.HttpServlet.service(HttpServlet.java:802)
	at org.apache.jasper.servlet.JspServletWrapper.service(JspServletWrapper.java:332)
	at org.apache.jasper.servlet.JspServlet.serviceJspFile(JspServlet.java:314)
	at org.apache.jasper.servlet.JspServlet.service(JspServlet.java:264)
	at javax.servlet.http.HttpServlet.service(HttpServlet.java:802)
	at org.apache.catalina.core.ApplicationFilterChain.internalDoFilter(ApplicationFilterChain.java:252)
	at org.apache.catalina.core.ApplicationFilterChain.doFilter(ApplicationFilterChain.java:173)
	at org.apache.catalina.core.StandardWrapperValve.invoke(StandardWrapperValve.java:213)
	at org.apache.catalina.core.StandardContextValve.invoke(StandardContextValve.java:178)
	at org.apache.catalina.authenticator.AuthenticatorBase.invoke(AuthenticatorBase.java:432)
	at org.apache.catalina.core.StandardHostValve.invoke(StandardHostValve.java:126)
	at org.apache.catalina.valves.ErrorReportValve.invoke(ErrorReportValve.java:105)
	at org.apache.catalina.core.StandardEngineValve.invoke(StandardEngineValve.java:107)
	at org.apache.catalina.connector.CoyoteAdapter.service(CoyoteAdapter.java:148)
	at org.apache.coyote.http11.Http11Processor.process(Http11Processor.java:869)
	at org.apache.coyote.http11.Http11BaseProtocol$Http11ConnectionHandler.processConnection(Http11BaseProtocol.java:667)
	at org.apache.tomcat.util.net.PoolTcpEndpoint.processSocket(PoolTcpEndpoint.java:527)
	at org.apache.tomcat.util.net.LeaderFollowerWorkerThread.runIt(LeaderFollowerWorkerThread.java:80)
	at org.apache.tomcat.util.threads.ThreadPool$ControlRunnable.run(ThreadPool.java:684)
	at java.lang.Thread.run(Thread.java:695)
Apr 20, 2015 3:27:34 PM org.apache.catalina.core.StandardWrapperValve invoke
SEVERE: Servlet.service() for servlet jsp threw exception
java.lang.NullPointerException
	at org.apache.jsp.newcomment_jsp._jspService(org.apache.jsp.newcomment_jsp:63)
	at org.apache.jasper.runtime.HttpJspBase.service(HttpJspBase.java:97)
	at javax.servlet.http.HttpServlet.service(HttpServlet.java:802)
	at org.apache.jasper.servlet.JspServletWrapper.service(JspServletWrapper.java:332)
	at org.apache.jasper.servlet.JspServlet.serviceJspFile(JspServlet.java:314)
	at org.apache.jasper.servlet.JspServlet.service(JspServlet.java:264)
	at javax.servlet.http.HttpServlet.service(HttpServlet.java:802)
	at org.apache.catalina.core.ApplicationFilterChain.internalDoFilter(ApplicationFilterChain.java:252)
	at org.apache.catalina.core.ApplicationFilterChain.doFilter(ApplicationFilterChain.java:173)
	at org.apache.catalina.core.StandardWrapperValve.invoke(StandardWrapperValve.java:213)
	at org.apache.catalina.core.StandardContextValve.invoke(StandardContextValve.java:178)
	at org.apache.catalina.authenticator.AuthenticatorBase.invoke(AuthenticatorBase.java:432)
	at org.apache.catalina.core.StandardHostValve.invoke(StandardHostValve.java:126)
	at org.apache.catalina.valves.ErrorReportValve.invoke(ErrorReportValve.java:105)
	at org.apache.catalina.core.StandardEngineValve.invoke(StandardEngineValve.java:107)
	at org.apache.catalina.connector.CoyoteAdapter.service(CoyoteAdapter.java:148)
	at org.apache.coyote.http11.Http11Processor.process(Http11Processor.java:869)
	at org.apache.coyote.http11.Http11BaseProtocol$Http11ConnectionHandler.processConnection(Http11BaseProtocol.java:667)
	at org.apache.tomcat.util.net.PoolTcpEndpoint.processSocket(PoolTcpEndpoint.java:527)
	at org.apache.tomcat.util.net.LeaderFollowerWorkerThread.runIt(LeaderFollowerWorkerThread.java:80)
	at org.apache.tomcat.util.threads.ThreadPool$ControlRunnable.run(ThreadPool.java:684)
	at java.lang.Thread.run(Thread.java:695)
Apr 20, 2015 5:40:32 PM org.apache.catalina.core.StandardWrapperValve invoke
SEVERE: Servlet.service() for servlet jsp threw exception
org.apache.jasper.JasperException: Unable to compile class for JSP

An error occurred at line: 86 in the jsp file: /browsealbums.jsp
Generated servlet error:
CommentDao cannot be resolved to a type

An error occurred at line: 86 in the jsp file: /browsealbums.jsp
Generated servlet error:
CommentDao cannot be resolved to a type

An error occurred at line: 86 in the jsp file: /browsealbums.jsp
Generated servlet error:
CommentBean cannot be resolved to a type

An error occurred at line: 86 in the jsp file: /browsealbums.jsp
Generated servlet error:
Type mismatch: cannot convert from element type AlbumBean to CommentBean


	at org.apache.jasper.compiler.DefaultErrorHandler.javacError(DefaultErrorHandler.java:84)
	at org.apache.jasper.compiler.ErrorDispatcher.javacError(ErrorDispatcher.java:328)
	at org.apache.jasper.compiler.JDTCompiler.generateClass(JDTCompiler.java:409)
	at org.apache.jasper.compiler.Compiler.compile(Compiler.java:297)
	at org.apache.jasper.compiler.Compiler.compile(Compiler.java:276)
	at org.apache.jasper.compiler.Compiler.compile(Compiler.java:264)
	at org.apache.jasper.JspCompilationContext.compile(JspCompilationContext.java:563)
	at org.apache.jasper.servlet.JspServletWrapper.service(JspServletWrapper.java:303)
	at org.apache.jasper.servlet.JspServlet.serviceJspFile(JspServlet.java:314)
	at org.apache.jasper.servlet.JspServlet.service(JspServlet.java:264)
	at javax.servlet.http.HttpServlet.service(HttpServlet.java:802)
	at org.apache.catalina.core.ApplicationFilterChain.internalDoFilter(ApplicationFilterChain.java:252)
	at org.apache.catalina.core.ApplicationFilterChain.doFilter(ApplicationFilterChain.java:173)
	at org.apache.catalina.core.StandardWrapperValve.invoke(StandardWrapperValve.java:213)
	at org.apache.catalina.core.StandardContextValve.invoke(StandardContextValve.java:178)
	at org.apache.catalina.authenticator.AuthenticatorBase.invoke(AuthenticatorBase.java:432)
	at org.apache.catalina.core.StandardHostValve.invoke(StandardHostValve.java:126)
	at org.apache.catalina.valves.ErrorReportValve.invoke(ErrorReportValve.java:105)
	at org.apache.catalina.core.StandardEngineValve.invoke(StandardEngineValve.java:107)
	at org.apache.catalina.connector.CoyoteAdapter.service(CoyoteAdapter.java:148)
	at org.apache.coyote.http11.Http11Processor.process(Http11Processor.java:869)
	at org.apache.coyote.http11.Http11BaseProtocol$Http11ConnectionHandler.processConnection(Http11BaseProtocol.java:667)
	at org.apache.tomcat.util.net.PoolTcpEndpoint.processSocket(PoolTcpEndpoint.java:527)
	at org.apache.tomcat.util.net.LeaderFollowerWorkerThread.runIt(LeaderFollowerWorkerThread.java:80)
	at org.apache.tomcat.util.threads.ThreadPool$ControlRunnable.run(ThreadPool.java:684)
	at java.lang.Thread.run(Thread.java:695)
Apr 20, 2015 6:54:12 PM org.apache.catalina.core.StandardWrapperValve invoke
SEVERE: Servlet.service() for servlet jsp threw exception
org.apache.jasper.JasperException: Unable to compile class for JSP

An error occurred at line: 86 in the jsp file: /browsealbums.jsp
Generated servlet error:
CommentDao cannot be resolved to a type

An error occurred at line: 86 in the jsp file: /browsealbums.jsp
Generated servlet error:
CommentDao cannot be resolved to a type

An error occurred at line: 86 in the jsp file: /browsealbums.jsp
Generated servlet error:
CommentBean cannot be resolved to a type

An error occurred at line: 86 in the jsp file: /browsealbums.jsp
Generated servlet error:
CommentBean cannot be resolved to a type


	at org.apache.jasper.compiler.DefaultErrorHandler.javacError(DefaultErrorHandler.java:84)
	at org.apache.jasper.compiler.ErrorDispatcher.javacError(ErrorDispatcher.java:328)
	at org.apache.jasper.compiler.JDTCompiler.generateClass(JDTCompiler.java:409)
	at org.apache.jasper.compiler.Compiler.compile(Compiler.java:297)
	at org.apache.jasper.compiler.Compiler.compile(Compiler.java:276)
	at org.apache.jasper.compiler.Compiler.compile(Compiler.java:264)
	at org.apache.jasper.JspCompilationContext.compile(JspCompilationContext.java:563)
	at org.apache.jasper.servlet.JspServletWrapper.service(JspServletWrapper.java:303)
	at org.apache.jasper.servlet.JspServlet.serviceJspFile(JspServlet.java:314)
	at org.apache.jasper.servlet.JspServlet.service(JspServlet.java:264)
	at javax.servlet.http.HttpServlet.service(HttpServlet.java:802)
	at org.apache.catalina.core.ApplicationFilterChain.internalDoFilter(ApplicationFilterChain.java:252)
	at org.apache.catalina.core.ApplicationFilterChain.doFilter(ApplicationFilterChain.java:173)
	at org.apache.catalina.core.StandardWrapperValve.invoke(StandardWrapperValve.java:213)
	at org.apache.catalina.core.StandardContextValve.invoke(StandardContextValve.java:178)
	at org.apache.catalina.authenticator.AuthenticatorBase.invoke(AuthenticatorBase.java:432)
	at org.apache.catalina.core.StandardHostValve.invoke(StandardHostValve.java:126)
	at org.apache.catalina.valves.ErrorReportValve.invoke(ErrorReportValve.java:105)
	at org.apache.catalina.core.StandardEngineValve.invoke(StandardEngineValve.java:107)
	at org.apache.catalina.connector.CoyoteAdapter.service(CoyoteAdapter.java:148)
	at org.apache.coyote.http11.Http11Processor.process(Http11Processor.java:869)
	at org.apache.coyote.http11.Http11BaseProtocol$Http11ConnectionHandler.processConnection(Http11BaseProtocol.java:667)
	at org.apache.tomcat.util.net.PoolTcpEndpoint.processSocket(PoolTcpEndpoint.java:527)
	at org.apache.tomcat.util.net.LeaderFollowerWorkerThread.runIt(LeaderFollowerWorkerThread.java:80)
	at org.apache.tomcat.util.threads.ThreadPool$ControlRunnable.run(ThreadPool.java:684)
	at java.lang.Thread.run(Thread.java:695)
Apr 20, 2015 7:00:27 PM org.apache.catalina.core.StandardWrapperValve invoke
SEVERE: Servlet.service() for servlet jsp threw exception
org.apache.jasper.JasperException: Unable to compile class for JSP

An error occurred at line: 88 in the jsp file: /browsealbums.jsp
Generated servlet error:
CommentDao cannot be resolved to a type

An error occurred at line: 88 in the jsp file: /browsealbums.jsp
Generated servlet error:
CommentDao cannot be resolved to a type

An error occurred at line: 88 in the jsp file: /browsealbums.jsp
Generated servlet error:
CommentBean cannot be resolved to a type

An error occurred at line: 88 in the jsp file: /browsealbums.jsp
Generated servlet error:
CommentBean cannot be resolved to a type


	at org.apache.jasper.compiler.DefaultErrorHandler.javacError(DefaultErrorHandler.java:84)
	at org.apache.jasper.compiler.ErrorDispatcher.javacError(ErrorDispatcher.java:328)
	at org.apache.jasper.compiler.JDTCompiler.generateClass(JDTCompiler.java:409)
	at org.apache.jasper.compiler.Compiler.compile(Compiler.java:297)
	at org.apache.jasper.compiler.Compiler.compile(Compiler.java:276)
	at org.apache.jasper.compiler.Compiler.compile(Compiler.java:264)
	at org.apache.jasper.JspCompilationContext.compile(JspCompilationContext.java:563)
	at org.apache.jasper.servlet.JspServletWrapper.service(JspServletWrapper.java:303)
	at org.apache.jasper.servlet.JspServlet.serviceJspFile(JspServlet.java:314)
	at org.apache.jasper.servlet.JspServlet.service(JspServlet.java:264)
	at javax.servlet.http.HttpServlet.service(HttpServlet.java:802)
	at org.apache.catalina.core.ApplicationFilterChain.internalDoFilter(ApplicationFilterChain.java:252)
	at org.apache.catalina.core.ApplicationFilterChain.doFilter(ApplicationFilterChain.java:173)
	at org.apache.catalina.core.StandardWrapperValve.invoke(StandardWrapperValve.java:213)
	at org.apache.catalina.core.StandardContextValve.invoke(StandardContextValve.java:178)
	at org.apache.catalina.authenticator.AuthenticatorBase.invoke(AuthenticatorBase.java:432)
	at org.apache.catalina.core.StandardHostValve.invoke(StandardHostValve.java:126)
	at org.apache.catalina.valves.ErrorReportValve.invoke(ErrorReportValve.java:105)
	at org.apache.catalina.core.StandardEngineValve.invoke(StandardEngineValve.java:107)
	at org.apache.catalina.connector.CoyoteAdapter.service(CoyoteAdapter.java:148)
	at org.apache.coyote.http11.Http11Processor.process(Http11Processor.java:869)
	at org.apache.coyote.http11.Http11BaseProtocol$Http11ConnectionHandler.processConnection(Http11BaseProtocol.java:667)
	at org.apache.tomcat.util.net.PoolTcpEndpoint.processSocket(PoolTcpEndpoint.java:527)
	at org.apache.tomcat.util.net.LeaderFollowerWorkerThread.runIt(LeaderFollowerWorkerThread.java:80)
	at org.apache.tomcat.util.threads.ThreadPool$ControlRunnable.run(ThreadPool.java:684)
	at java.lang.Thread.run(Thread.java:695)
Apr 20, 2015 7:13:46 PM org.apache.catalina.core.ApplicationContext log
INFO: SessionListener: contextDestroyed()
Apr 20, 2015 7:13:46 PM org.apache.catalina.core.ApplicationContext log
INFO: ContextListener: contextDestroyed()
Apr 20, 2015 7:13:46 PM org.apache.catalina.core.ApplicationContext log
INFO: SessionListener: contextDestroyed()
Apr 20, 2015 7:13:46 PM org.apache.catalina.core.ApplicationContext log
INFO: ContextListener: contextDestroyed()
